{"C:\\Users\\Abner\\Desktop\\Github\\27837_G1_ADS\\Biblioteca de Trabajo\\1. ELICITACIÓN\\1.0. Linea Base\\LBC\\SEGUNDA ITERACIÓN\\js\\controllers\\ControladorAlertas.js": {"path":"C:\\Users\\Abner\\Desktop\\Github\\27837_G1_ADS\\Biblioteca de Trabajo\\1. ELICITACIÓN\\1.0. Linea Base\\LBC\\SEGUNDA ITERACIÓN\\js\\controllers\\ControladorAlertas.js","statementMap":{"0":{"start":{"line":15,"column":4},"end":{"line":15,"column":73}},"1":{"start":{"line":17,"column":4},"end":{"line":17,"column":59}},"2":{"start":{"line":18,"column":4},"end":{"line":18,"column":55}},"3":{"start":{"line":20,"column":4},"end":{"line":20,"column":43}},"4":{"start":{"line":21,"column":4},"end":{"line":21,"column":56}},"5":{"start":{"line":23,"column":4},"end":{"line":23,"column":53}},"6":{"start":{"line":24,"column":4},"end":{"line":24,"column":67}},"7":{"start":{"line":26,"column":4},"end":{"line":26,"column":53}},"8":{"start":{"line":27,"column":4},"end":{"line":27,"column":67}},"9":{"start":{"line":30,"column":4},"end":{"line":30,"column":72}},"10":{"start":{"line":31,"column":4},"end":{"line":31,"column":52}},"11":{"start":{"line":34,"column":4},"end":{"line":34,"column":68}},"12":{"start":{"line":35,"column":4},"end":{"line":35,"column":56}},"13":{"start":{"line":36,"column":4},"end":{"line":36,"column":56}},"14":{"start":{"line":37,"column":4},"end":{"line":37,"column":73}},"15":{"start":{"line":44,"column":4},"end":{"line":44,"column":47}},"16":{"start":{"line":45,"column":4},"end":{"line":45,"column":32}},"17":{"start":{"line":46,"column":4},"end":{"line":46,"column":42}},"18":{"start":{"line":53,"column":4},"end":{"line":53,"column":32}},"19":{"start":{"line":54,"column":4},"end":{"line":54,"column":47}},"20":{"start":{"line":62,"column":4},"end":{"line":106,"column":5}},"21":{"start":{"line":64,"column":19},"end":{"line":64,"column":78}},"22":{"start":{"line":65,"column":6},"end":{"line":67,"column":7}},"23":{"start":{"line":66,"column":8},"end":{"line":66,"column":46}},"24":{"start":{"line":71,"column":8},"end":{"line":73,"column":9}},"25":{"start":{"line":76,"column":6},"end":{"line":76,"column":66}},"26":{"start":{"line":79,"column":21},"end":{"line":89,"column":8}},"27":{"start":{"line":91,"column":6},"end":{"line":91,"column":66}},"28":{"start":{"line":94,"column":6},"end":{"line":94,"column":45}},"29":{"start":{"line":96,"column":6},"end":{"line":99,"column":8}},"30":{"start":{"line":101,"column":6},"end":{"line":101,"column":52}},"31":{"start":{"line":102,"column":6},"end":{"line":105,"column":8}},"32":{"start":{"line":114,"column":4},"end":{"line":159,"column":5}},"33":{"start":{"line":116,"column":19},"end":{"line":116,"column":78}},"34":{"start":{"line":117,"column":6},"end":{"line":119,"column":7}},"35":{"start":{"line":118,"column":8},"end":{"line":118,"column":46}},"36":{"start":{"line":123,"column":8},"end":{"line":125,"column":9}},"37":{"start":{"line":128,"column":6},"end":{"line":128,"column":68}},"38":{"start":{"line":131,"column":21},"end":{"line":142,"column":8}},"39":{"start":{"line":144,"column":6},"end":{"line":144,"column":66}},"40":{"start":{"line":147,"column":6},"end":{"line":147,"column":45}},"41":{"start":{"line":149,"column":6},"end":{"line":152,"column":8}},"42":{"start":{"line":154,"column":6},"end":{"line":154,"column":54}},"43":{"start":{"line":155,"column":6},"end":{"line":158,"column":8}},"44":{"start":{"line":167,"column":4},"end":{"line":212,"column":5}},"45":{"start":{"line":169,"column":19},"end":{"line":169,"column":78}},"46":{"start":{"line":170,"column":6},"end":{"line":172,"column":7}},"47":{"start":{"line":171,"column":8},"end":{"line":171,"column":46}},"48":{"start":{"line":176,"column":8},"end":{"line":178,"column":9}},"49":{"start":{"line":181,"column":6},"end":{"line":181,"column":65}},"50":{"start":{"line":184,"column":21},"end":{"line":195,"column":8}},"51":{"start":{"line":197,"column":6},"end":{"line":197,"column":66}},"52":{"start":{"line":200,"column":6},"end":{"line":200,"column":45}},"53":{"start":{"line":202,"column":6},"end":{"line":205,"column":8}},"54":{"start":{"line":207,"column":6},"end":{"line":207,"column":53}},"55":{"start":{"line":208,"column":6},"end":{"line":211,"column":8}},"56":{"start":{"line":219,"column":4},"end":{"line":235,"column":5}},"57":{"start":{"line":220,"column":6},"end":{"line":220,"column":72}},"58":{"start":{"line":223,"column":6},"end":{"line":223,"column":45}},"59":{"start":{"line":225,"column":6},"end":{"line":228,"column":8}},"60":{"start":{"line":230,"column":6},"end":{"line":230,"column":60}},"61":{"start":{"line":231,"column":6},"end":{"line":234,"column":8}},"62":{"start":{"line":242,"column":4},"end":{"line":251,"column":5}},"63":{"start":{"line":243,"column":6},"end":{"line":250,"column":7}},"64":{"start":{"line":244,"column":24},"end":{"line":244,"column":62}},"65":{"start":{"line":245,"column":8},"end":{"line":247,"column":9}},"66":{"start":{"line":246,"column":10},"end":{"line":246,"column":61}},"67":{"start":{"line":249,"column":8},"end":{"line":249,"column":69}},"68":{"start":{"line":258,"column":4},"end":{"line":270,"column":5}},"69":{"start":{"line":259,"column":27},"end":{"line":264,"column":8}},"70":{"start":{"line":266,"column":6},"end":{"line":269,"column":8}},"71":{"start":{"line":267,"column":8},"end":{"line":267,"column":23}},"72":{"start":{"line":268,"column":8},"end":{"line":268,"column":29}},"73":{"start":{"line":277,"column":4},"end":{"line":277,"column":55}}},"fnMap":{"0":{"name":"(anonymous_0)","decl":{"start":{"line":14,"column":2},"end":{"line":14,"column":3}},"loc":{"start":{"line":14,"column":16},"end":{"line":38,"column":3}},"line":14},"1":{"name":"(anonymous_1)","decl":{"start":{"line":43,"column":2},"end":{"line":43,"column":3}},"loc":{"start":{"line":43,"column":12},"end":{"line":47,"column":3}},"line":43},"2":{"name":"(anonymous_2)","decl":{"start":{"line":52,"column":2},"end":{"line":52,"column":3}},"loc":{"start":{"line":52,"column":12},"end":{"line":55,"column":3}},"line":52},"3":{"name":"(anonymous_3)","decl":{"start":{"line":61,"column":2},"end":{"line":61,"column":3}},"loc":{"start":{"line":61,"column":33},"end":{"line":107,"column":3}},"line":61},"4":{"name":"(anonymous_4)","decl":{"start":{"line":113,"column":2},"end":{"line":113,"column":3}},"loc":{"start":{"line":113,"column":51},"end":{"line":160,"column":3}},"line":113},"5":{"name":"(anonymous_5)","decl":{"start":{"line":166,"column":2},"end":{"line":166,"column":3}},"loc":{"start":{"line":166,"column":36},"end":{"line":213,"column":3}},"line":166},"6":{"name":"(anonymous_6)","decl":{"start":{"line":218,"column":2},"end":{"line":218,"column":3}},"loc":{"start":{"line":218,"column":47},"end":{"line":236,"column":3}},"line":218},"7":{"name":"(anonymous_7)","decl":{"start":{"line":241,"column":2},"end":{"line":241,"column":3}},"loc":{"start":{"line":241,"column":41},"end":{"line":252,"column":3}},"line":241},"8":{"name":"(anonymous_8)","decl":{"start":{"line":257,"column":2},"end":{"line":257,"column":3}},"loc":{"start":{"line":257,"column":44},"end":{"line":271,"column":3}},"line":257},"9":{"name":"(anonymous_9)","decl":{"start":{"line":266,"column":29},"end":{"line":266,"column":30}},"loc":{"start":{"line":266,"column":35},"end":{"line":269,"column":7}},"line":266},"10":{"name":"(anonymous_10)","decl":{"start":{"line":276,"column":2},"end":{"line":276,"column":3}},"loc":{"start":{"line":276,"column":30},"end":{"line":278,"column":3}},"line":276}},"branchMap":{"0":{"loc":{"start":{"line":65,"column":6},"end":{"line":67,"column":7}},"type":"if","locations":[{"start":{"line":65,"column":6},"end":{"line":67,"column":7}},{"start":{},"end":{}}],"line":65},"1":{"loc":{"start":{"line":82,"column":27},"end":{"line":82,"column":75}},"type":"cond-expr","locations":[{"start":{"line":82,"column":41},"end":{"line":82,"column":59}},{"start":{"line":82,"column":62},"end":{"line":82,"column":75}}],"line":82},"2":{"loc":{"start":{"line":87,"column":15},"end":{"line":87,"column":50}},"type":"cond-expr","locations":[{"start":{"line":87,"column":29},"end":{"line":87,"column":46}},{"start":{"line":87,"column":49},"end":{"line":87,"column":50}}],"line":87},"3":{"loc":{"start":{"line":88,"column":21},"end":{"line":88,"column":65}},"type":"cond-expr","locations":[{"start":{"line":88,"column":35},"end":{"line":88,"column":58}},{"start":{"line":88,"column":61},"end":{"line":88,"column":65}}],"line":88},"4":{"loc":{"start":{"line":113,"column":37},"end":{"line":113,"column":49}},"type":"default-arg","locations":[{"start":{"line":113,"column":47},"end":{"line":113,"column":49}}],"line":113},"5":{"loc":{"start":{"line":117,"column":6},"end":{"line":119,"column":7}},"type":"if","locations":[{"start":{"line":117,"column":6},"end":{"line":119,"column":7}},{"start":{},"end":{}}],"line":117},"6":{"loc":{"start":{"line":134,"column":27},"end":{"line":134,"column":75}},"type":"cond-expr","locations":[{"start":{"line":134,"column":41},"end":{"line":134,"column":59}},{"start":{"line":134,"column":62},"end":{"line":134,"column":75}}],"line":134},"7":{"loc":{"start":{"line":140,"column":15},"end":{"line":140,"column":50}},"type":"cond-expr","locations":[{"start":{"line":140,"column":29},"end":{"line":140,"column":46}},{"start":{"line":140,"column":49},"end":{"line":140,"column":50}}],"line":140},"8":{"loc":{"start":{"line":141,"column":21},"end":{"line":141,"column":65}},"type":"cond-expr","locations":[{"start":{"line":141,"column":35},"end":{"line":141,"column":58}},{"start":{"line":141,"column":61},"end":{"line":141,"column":65}}],"line":141},"9":{"loc":{"start":{"line":170,"column":6},"end":{"line":172,"column":7}},"type":"if","locations":[{"start":{"line":170,"column":6},"end":{"line":172,"column":7}},{"start":{},"end":{}}],"line":170},"10":{"loc":{"start":{"line":187,"column":27},"end":{"line":187,"column":75}},"type":"cond-expr","locations":[{"start":{"line":187,"column":41},"end":{"line":187,"column":59}},{"start":{"line":187,"column":62},"end":{"line":187,"column":75}}],"line":187},"11":{"loc":{"start":{"line":193,"column":15},"end":{"line":193,"column":50}},"type":"cond-expr","locations":[{"start":{"line":193,"column":29},"end":{"line":193,"column":46}},{"start":{"line":193,"column":49},"end":{"line":193,"column":50}}],"line":193},"12":{"loc":{"start":{"line":194,"column":21},"end":{"line":194,"column":65}},"type":"cond-expr","locations":[{"start":{"line":194,"column":35},"end":{"line":194,"column":58}},{"start":{"line":194,"column":61},"end":{"line":194,"column":65}}],"line":194},"13":{"loc":{"start":{"line":218,"column":34},"end":{"line":218,"column":45}},"type":"default-arg","locations":[{"start":{"line":218,"column":43},"end":{"line":218,"column":45}}],"line":218},"14":{"loc":{"start":{"line":242,"column":4},"end":{"line":251,"column":5}},"type":"if","locations":[{"start":{"line":242,"column":4},"end":{"line":251,"column":5}},{"start":{},"end":{}}],"line":242},"15":{"loc":{"start":{"line":242,"column":8},"end":{"line":242,"column":73}},"type":"binary-expr","locations":[{"start":{"line":242,"column":8},"end":{"line":242,"column":32}},{"start":{"line":242,"column":36},"end":{"line":242,"column":73}}],"line":242},"16":{"loc":{"start":{"line":245,"column":8},"end":{"line":247,"column":9}},"type":"if","locations":[{"start":{"line":245,"column":8},"end":{"line":247,"column":9}},{"start":{},"end":{}}],"line":245},"17":{"loc":{"start":{"line":258,"column":4},"end":{"line":270,"column":5}},"type":"if","locations":[{"start":{"line":258,"column":4},"end":{"line":270,"column":5}},{"start":{},"end":{}}],"line":258},"18":{"loc":{"start":{"line":258,"column":8},"end":{"line":258,"column":73}},"type":"binary-expr","locations":[{"start":{"line":258,"column":8},"end":{"line":258,"column":32}},{"start":{"line":258,"column":36},"end":{"line":258,"column":73}}],"line":258}},"s":{"0":0,"1":0,"2":0,"3":0,"4":0,"5":0,"6":0,"7":0,"8":0,"9":0,"10":0,"11":0,"12":0,"13":0,"14":0,"15":0,"16":0,"17":0,"18":0,"19":0,"20":0,"21":0,"22":0,"23":0,"24":0,"25":0,"26":0,"27":0,"28":0,"29":0,"30":0,"31":0,"32":0,"33":0,"34":0,"35":0,"36":0,"37":0,"38":0,"39":0,"40":0,"41":0,"42":0,"43":0,"44":0,"45":0,"46":0,"47":0,"48":0,"49":0,"50":0,"51":0,"52":0,"53":0,"54":0,"55":0,"56":0,"57":0,"58":0,"59":0,"60":0,"61":0,"62":0,"63":0,"64":0,"65":0,"66":0,"67":0,"68":0,"69":0,"70":0,"71":0,"72":0,"73":0},"f":{"0":0,"1":0,"2":0,"3":0,"4":0,"5":0,"6":0,"7":0,"8":0,"9":0,"10":0},"b":{"0":[0,0],"1":[0,0],"2":[0,0],"3":[0,0],"4":[0],"5":[0,0],"6":[0,0],"7":[0,0],"8":[0,0],"9":[0,0],"10":[0,0],"11":[0,0],"12":[0,0],"13":[0],"14":[0,0],"15":[0,0],"16":[0,0],"17":[0,0],"18":[0,0]},"inputSourceMap":null}
,"C:\\Users\\Abner\\Desktop\\Github\\27837_G1_ADS\\Biblioteca de Trabajo\\1. ELICITACIÓN\\1.0. Linea Base\\LBC\\SEGUNDA ITERACIÓN\\js\\controllers\\ControladorDetalle.js": {"path":"C:\\Users\\Abner\\Desktop\\Github\\27837_G1_ADS\\Biblioteca de Trabajo\\1. ELICITACIÓN\\1.0. Linea Base\\LBC\\SEGUNDA ITERACIÓN\\js\\controllers\\ControladorDetalle.js","statementMap":{"0":{"start":{"line":9,"column":4},"end":{"line":9,"column":45}},"1":{"start":{"line":10,"column":4},"end":{"line":10,"column":34}},"2":{"start":{"line":17,"column":4},"end":{"line":37,"column":5}},"3":{"start":{"line":18,"column":6},"end":{"line":18,"column":43}},"4":{"start":{"line":21,"column":6},"end":{"line":21,"column":40}},"5":{"start":{"line":24,"column":6},"end":{"line":24,"column":42}},"6":{"start":{"line":25,"column":6},"end":{"line":25,"column":43}},"7":{"start":{"line":26,"column":6},"end":{"line":26,"column":39}},"8":{"start":{"line":27,"column":6},"end":{"line":27,"column":38}},"9":{"start":{"line":30,"column":6},"end":{"line":30,"column":31}},"10":{"start":{"line":33,"column":6},"end":{"line":33,"column":29}},"11":{"start":{"line":35,"column":6},"end":{"line":35,"column":56}},"12":{"start":{"line":36,"column":6},"end":{"line":36,"column":58}},"13":{"start":{"line":45,"column":4},"end":{"line":47,"column":6}},"14":{"start":{"line":54,"column":16},"end":{"line":54,"column":38}},"15":{"start":{"line":57,"column":27},"end":{"line":57,"column":65}},"16":{"start":{"line":59,"column":6},"end":{"line":59,"column":326}},"17":{"start":{"line":60,"column":18},"end":{"line":60,"column":29}},"18":{"start":{"line":61,"column":20},"end":{"line":61,"column":22}},"19":{"start":{"line":63,"column":4},"end":{"line":73,"column":5}},"20":{"start":{"line":64,"column":6},"end":{"line":65,"column":1199}},"21":{"start":{"line":66,"column":6},"end":{"line":66,"column":30}},"22":{"start":{"line":67,"column":6},"end":{"line":67,"column":41}},"23":{"start":{"line":68,"column":11},"end":{"line":73,"column":5}},"24":{"start":{"line":69,"column":6},"end":{"line":70,"column":1125}},"25":{"start":{"line":71,"column":6},"end":{"line":71,"column":28}},"26":{"start":{"line":72,"column":6},"end":{"line":72,"column":44}},"27":{"start":{"line":75,"column":4},"end":{"line":79,"column":6}},"28":{"start":{"line":82,"column":4},"end":{"line":82,"column":68}},"29":{"start":{"line":85,"column":31},"end":{"line":89,"column":5}},"30":{"start":{"line":90,"column":4},"end":{"line":91,"column":63}},"31":{"start":{"line":93,"column":4},"end":{"line":95,"column":54}},"32":{"start":{"line":97,"column":4},"end":{"line":99,"column":51}},"33":{"start":{"line":101,"column":4},"end":{"line":101,"column":80}},"34":{"start":{"line":103,"column":4},"end":{"line":105,"column":43}},"35":{"start":{"line":107,"column":18},"end":{"line":107,"column":43}},"36":{"start":{"line":108,"column":4},"end":{"line":113,"column":9}},"37":{"start":{"line":116,"column":25},"end":{"line":116,"column":72}},"38":{"start":{"line":117,"column":22},"end":{"line":117,"column":61}},"39":{"start":{"line":118,"column":4},"end":{"line":123,"column":5}},"40":{"start":{"line":119,"column":6},"end":{"line":119,"column":43}},"41":{"start":{"line":120,"column":6},"end":{"line":120,"column":40}},"42":{"start":{"line":122,"column":6},"end":{"line":122,"column":42}},"43":{"start":{"line":130,"column":22},"end":{"line":130,"column":64}},"44":{"start":{"line":131,"column":18},"end":{"line":131,"column":28}},"45":{"start":{"line":133,"column":21},"end":{"line":133,"column":67}},"46":{"start":{"line":134,"column":26},"end":{"line":140,"column":18}},"47":{"start":{"line":136,"column":22},"end":{"line":136,"column":43}},"48":{"start":{"line":137,"column":8},"end":{"line":137,"column":56}},"49":{"start":{"line":139,"column":22},"end":{"line":139,"column":67}},"50":{"start":{"line":142,"column":4},"end":{"line":146,"column":5}},"51":{"start":{"line":143,"column":6},"end":{"line":144,"column":73}},"52":{"start":{"line":145,"column":6},"end":{"line":145,"column":13}},"53":{"start":{"line":148,"column":4},"end":{"line":176,"column":16}},"54":{"start":{"line":150,"column":22},"end":{"line":150,"column":46}},"55":{"start":{"line":151,"column":25},"end":{"line":155,"column":10}},"56":{"start":{"line":156,"column":24},"end":{"line":159,"column":10}},"57":{"start":{"line":161,"column":8},"end":{"line":174,"column":8}},"58":{"start":{"line":183,"column":22},"end":{"line":183,"column":63}},"59":{"start":{"line":185,"column":4},"end":{"line":252,"column":5}},"60":{"start":{"line":186,"column":22},"end":{"line":188,"column":7}},"61":{"start":{"line":190,"column":6},"end":{"line":194,"column":7}},"62":{"start":{"line":191,"column":8},"end":{"line":192,"column":68}},"63":{"start":{"line":193,"column":8},"end":{"line":193,"column":15}},"64":{"start":{"line":196,"column":31},"end":{"line":198,"column":21}},"65":{"start":{"line":197,"column":24},"end":{"line":197,"column":61}},"66":{"start":{"line":200,"column":6},"end":{"line":247,"column":18}},"67":{"start":{"line":202,"column":24},"end":{"line":202,"column":46}},"68":{"start":{"line":203,"column":27},"end":{"line":206,"column":12}},"69":{"start":{"line":207,"column":26},"end":{"line":210,"column":12}},"70":{"start":{"line":212,"column":25},"end":{"line":224,"column":11}},"71":{"start":{"line":226,"column":25},"end":{"line":230,"column":11}},"72":{"start":{"line":232,"column":10},"end":{"line":245,"column":10}},"73":{"start":{"line":249,"column":6},"end":{"line":249,"column":57}},"74":{"start":{"line":250,"column":6},"end":{"line":251,"column":65}},"75":{"start":{"line":259,"column":22},"end":{"line":259,"column":64}},"76":{"start":{"line":261,"column":4},"end":{"line":318,"column":5}},"77":{"start":{"line":262,"column":23},"end":{"line":264,"column":7}},"78":{"start":{"line":266,"column":6},"end":{"line":270,"column":7}},"79":{"start":{"line":267,"column":8},"end":{"line":268,"column":69}},"80":{"start":{"line":269,"column":8},"end":{"line":269,"column":15}},"81":{"start":{"line":272,"column":32},"end":{"line":274,"column":20}},"82":{"start":{"line":273,"column":24},"end":{"line":273,"column":61}},"83":{"start":{"line":276,"column":6},"end":{"line":313,"column":18}},"84":{"start":{"line":278,"column":24},"end":{"line":278,"column":47}},"85":{"start":{"line":279,"column":27},"end":{"line":282,"column":12}},"86":{"start":{"line":284,"column":26},"end":{"line":288,"column":11}},"87":{"start":{"line":290,"column":10},"end":{"line":311,"column":10}},"88":{"start":{"line":315,"column":6},"end":{"line":315,"column":56}},"89":{"start":{"line":316,"column":6},"end":{"line":317,"column":64}},"90":{"start":{"line":326,"column":20},"end":{"line":326,"column":62}},"91":{"start":{"line":327,"column":4},"end":{"line":335,"column":5}},"92":{"start":{"line":329,"column":21},"end":{"line":329,"column":44}},"93":{"start":{"line":330,"column":6},"end":{"line":330,"column":55}},"94":{"start":{"line":332,"column":6},"end":{"line":334,"column":9}},"95":{"start":{"line":333,"column":8},"end":{"line":333,"column":22}},"96":{"start":{"line":338,"column":20},"end":{"line":338,"column":62}},"97":{"start":{"line":339,"column":4},"end":{"line":346,"column":5}},"98":{"start":{"line":340,"column":21},"end":{"line":340,"column":44}},"99":{"start":{"line":341,"column":6},"end":{"line":341,"column":55}},"100":{"start":{"line":343,"column":6},"end":{"line":345,"column":9}},"101":{"start":{"line":344,"column":8},"end":{"line":344,"column":22}},"102":{"start":{"line":349,"column":22},"end":{"line":349,"column":66}},"103":{"start":{"line":350,"column":4},"end":{"line":357,"column":5}},"104":{"start":{"line":351,"column":21},"end":{"line":351,"column":46}},"105":{"start":{"line":352,"column":6},"end":{"line":352,"column":59}},"106":{"start":{"line":354,"column":6},"end":{"line":356,"column":9}},"107":{"start":{"line":355,"column":8},"end":{"line":355,"column":24}},"108":{"start":{"line":360,"column":26},"end":{"line":360,"column":75}},"109":{"start":{"line":361,"column":4},"end":{"line":368,"column":5}},"110":{"start":{"line":362,"column":21},"end":{"line":362,"column":50}},"111":{"start":{"line":363,"column":6},"end":{"line":363,"column":67}},"112":{"start":{"line":365,"column":6},"end":{"line":367,"column":9}},"113":{"start":{"line":366,"column":8},"end":{"line":366,"column":30}},"114":{"start":{"line":375,"column":25},"end":{"line":375,"column":65}},"115":{"start":{"line":376,"column":23},"end":{"line":376,"column":61}},"116":{"start":{"line":378,"column":4},"end":{"line":380,"column":5}},"117":{"start":{"line":379,"column":6},"end":{"line":379,"column":46}},"118":{"start":{"line":381,"column":4},"end":{"line":383,"column":5}},"119":{"start":{"line":382,"column":6},"end":{"line":382,"column":41}},"120":{"start":{"line":391,"column":25},"end":{"line":391,"column":65}},"121":{"start":{"line":392,"column":4},"end":{"line":394,"column":5}},"122":{"start":{"line":393,"column":6},"end":{"line":393,"column":46}},"123":{"start":{"line":397,"column":4},"end":{"line":399,"column":5}},"124":{"start":{"line":398,"column":6},"end":{"line":398,"column":59}},"125":{"start":{"line":406,"column":4},"end":{"line":410,"column":5}},"126":{"start":{"line":409,"column":6},"end":{"line":409,"column":13}},"127":{"start":{"line":412,"column":4},"end":{"line":420,"column":5}},"128":{"start":{"line":413,"column":6},"end":{"line":416,"column":7}},"129":{"start":{"line":414,"column":8},"end":{"line":414,"column":72}},"130":{"start":{"line":415,"column":8},"end":{"line":415,"column":22}},"131":{"start":{"line":418,"column":6},"end":{"line":418,"column":61}},"132":{"start":{"line":419,"column":6},"end":{"line":419,"column":48}},"133":{"start":{"line":427,"column":4},"end":{"line":448,"column":5}},"134":{"start":{"line":429,"column":27},"end":{"line":429,"column":67}},"135":{"start":{"line":430,"column":6},"end":{"line":432,"column":7}},"136":{"start":{"line":431,"column":8},"end":{"line":431,"column":48}},"137":{"start":{"line":435,"column":6},"end":{"line":435,"column":63}},"138":{"start":{"line":438,"column":6},"end":{"line":447,"column":14}},"139":{"start":{"line":439,"column":23},"end":{"line":439,"column":73}},"140":{"start":{"line":440,"column":8},"end":{"line":446,"column":9}},"141":{"start":{"line":441,"column":10},"end":{"line":441,"column":51}},"142":{"start":{"line":444,"column":24},"end":{"line":444,"column":62}},"143":{"start":{"line":445,"column":10},"end":{"line":445,"column":38}},"144":{"start":{"line":455,"column":25},"end":{"line":455,"column":65}},"145":{"start":{"line":456,"column":23},"end":{"line":456,"column":61}},"146":{"start":{"line":458,"column":4},"end":{"line":460,"column":5}},"147":{"start":{"line":459,"column":6},"end":{"line":459,"column":44}},"148":{"start":{"line":461,"column":4},"end":{"line":463,"column":5}},"149":{"start":{"line":462,"column":6},"end":{"line":462,"column":43}}},"fnMap":{"0":{"name":"(anonymous_0)","decl":{"start":{"line":8,"column":2},"end":{"line":8,"column":3}},"loc":{"start":{"line":8,"column":16},"end":{"line":11,"column":3}},"line":8},"1":{"name":"(anonymous_1)","decl":{"start":{"line":16,"column":2},"end":{"line":16,"column":3}},"loc":{"start":{"line":16,"column":36},"end":{"line":38,"column":3}},"line":16},"2":{"name":"(anonymous_2)","decl":{"start":{"line":43,"column":2},"end":{"line":43,"column":3}},"loc":{"start":{"line":43,"column":31},"end":{"line":48,"column":3}},"line":43},"3":{"name":"(anonymous_3)","decl":{"start":{"line":53,"column":2},"end":{"line":53,"column":3}},"loc":{"start":{"line":53,"column":33},"end":{"line":124,"column":3}},"line":53},"4":{"name":"(anonymous_4)","decl":{"start":{"line":129,"column":2},"end":{"line":129,"column":3}},"loc":{"start":{"line":129,"column":34},"end":{"line":177,"column":3}},"line":129},"5":{"name":"(anonymous_5)","decl":{"start":{"line":135,"column":14},"end":{"line":135,"column":15}},"loc":{"start":{"line":135,"column":21},"end":{"line":138,"column":7}},"line":135},"6":{"name":"(anonymous_6)","decl":{"start":{"line":139,"column":12},"end":{"line":139,"column":13}},"loc":{"start":{"line":139,"column":22},"end":{"line":139,"column":67}},"line":139},"7":{"name":"(anonymous_7)","decl":{"start":{"line":149,"column":11},"end":{"line":149,"column":12}},"loc":{"start":{"line":149,"column":21},"end":{"line":175,"column":7}},"line":149},"8":{"name":"(anonymous_8)","decl":{"start":{"line":182,"column":2},"end":{"line":182,"column":3}},"loc":{"start":{"line":182,"column":30},"end":{"line":253,"column":3}},"line":182},"9":{"name":"(anonymous_9)","decl":{"start":{"line":197,"column":14},"end":{"line":197,"column":15}},"loc":{"start":{"line":197,"column":24},"end":{"line":197,"column":61}},"line":197},"10":{"name":"(anonymous_10)","decl":{"start":{"line":201,"column":13},"end":{"line":201,"column":14}},"loc":{"start":{"line":201,"column":25},"end":{"line":246,"column":9}},"line":201},"11":{"name":"(anonymous_11)","decl":{"start":{"line":258,"column":2},"end":{"line":258,"column":3}},"loc":{"start":{"line":258,"column":29},"end":{"line":319,"column":3}},"line":258},"12":{"name":"(anonymous_12)","decl":{"start":{"line":273,"column":14},"end":{"line":273,"column":15}},"loc":{"start":{"line":273,"column":24},"end":{"line":273,"column":61}},"line":273},"13":{"name":"(anonymous_13)","decl":{"start":{"line":277,"column":13},"end":{"line":277,"column":14}},"loc":{"start":{"line":277,"column":26},"end":{"line":312,"column":9}},"line":277},"14":{"name":"(anonymous_14)","decl":{"start":{"line":324,"column":2},"end":{"line":324,"column":3}},"loc":{"start":{"line":324,"column":22},"end":{"line":369,"column":3}},"line":324},"15":{"name":"(anonymous_15)","decl":{"start":{"line":332,"column":39},"end":{"line":332,"column":40}},"loc":{"start":{"line":332,"column":45},"end":{"line":334,"column":7}},"line":332},"16":{"name":"(anonymous_16)","decl":{"start":{"line":343,"column":39},"end":{"line":343,"column":40}},"loc":{"start":{"line":343,"column":45},"end":{"line":345,"column":7}},"line":343},"17":{"name":"(anonymous_17)","decl":{"start":{"line":354,"column":39},"end":{"line":354,"column":40}},"loc":{"start":{"line":354,"column":45},"end":{"line":356,"column":7}},"line":354},"18":{"name":"(anonymous_18)","decl":{"start":{"line":365,"column":39},"end":{"line":365,"column":40}},"loc":{"start":{"line":365,"column":45},"end":{"line":367,"column":7}},"line":365},"19":{"name":"(anonymous_19)","decl":{"start":{"line":374,"column":2},"end":{"line":374,"column":3}},"loc":{"start":{"line":374,"column":11},"end":{"line":384,"column":3}},"line":374},"20":{"name":"(anonymous_20)","decl":{"start":{"line":389,"column":2},"end":{"line":389,"column":3}},"loc":{"start":{"line":389,"column":11},"end":{"line":400,"column":3}},"line":389},"21":{"name":"(anonymous_21)","decl":{"start":{"line":405,"column":2},"end":{"line":405,"column":3}},"loc":{"start":{"line":405,"column":19},"end":{"line":421,"column":3}},"line":405},"22":{"name":"(anonymous_22)","decl":{"start":{"line":426,"column":2},"end":{"line":426,"column":3}},"loc":{"start":{"line":426,"column":25},"end":{"line":449,"column":3}},"line":426},"23":{"name":"(anonymous_23)","decl":{"start":{"line":438,"column":17},"end":{"line":438,"column":18}},"loc":{"start":{"line":438,"column":23},"end":{"line":447,"column":7}},"line":438},"24":{"name":"(anonymous_24)","decl":{"start":{"line":454,"column":2},"end":{"line":454,"column":3}},"loc":{"start":{"line":454,"column":20},"end":{"line":464,"column":3}},"line":454}},"branchMap":{"0":{"loc":{"start":{"line":63,"column":4},"end":{"line":73,"column":5}},"type":"if","locations":[{"start":{"line":63,"column":4},"end":{"line":73,"column":5}},{"start":{"line":68,"column":11},"end":{"line":73,"column":5}}],"line":63},"1":{"loc":{"start":{"line":68,"column":11},"end":{"line":73,"column":5}},"type":"if","locations":[{"start":{"line":68,"column":11},"end":{"line":73,"column":5}},{"start":{},"end":{}}],"line":68},"2":{"loc":{"start":{"line":91,"column":6},"end":{"line":91,"column":62}},"type":"binary-expr","locations":[{"start":{"line":91,"column":6},"end":{"line":91,"column":42}},{"start":{"line":91,"column":46},"end":{"line":91,"column":62}}],"line":91},"3":{"loc":{"start":{"line":118,"column":4},"end":{"line":123,"column":5}},"type":"if","locations":[{"start":{"line":118,"column":4},"end":{"line":123,"column":5}},{"start":{"line":121,"column":11},"end":{"line":123,"column":5}}],"line":118},"4":{"loc":{"start":{"line":118,"column":8},"end":{"line":118,"column":37}},"type":"binary-expr","locations":[{"start":{"line":118,"column":8},"end":{"line":118,"column":17}},{"start":{"line":118,"column":21},"end":{"line":118,"column":37}}],"line":118},"5":{"loc":{"start":{"line":133,"column":21},"end":{"line":133,"column":67}},"type":"binary-expr","locations":[{"start":{"line":133,"column":21},"end":{"line":133,"column":61}},{"start":{"line":133,"column":65},"end":{"line":133,"column":67}}],"line":133},"6":{"loc":{"start":{"line":137,"column":15},"end":{"line":137,"column":55}},"type":"binary-expr","locations":[{"start":{"line":137,"column":15},"end":{"line":137,"column":28}},{"start":{"line":137,"column":32},"end":{"line":137,"column":41}},{"start":{"line":137,"column":45},"end":{"line":137,"column":55}}],"line":137},"7":{"loc":{"start":{"line":142,"column":4},"end":{"line":146,"column":5}},"type":"if","locations":[{"start":{"line":142,"column":4},"end":{"line":146,"column":5}},{"start":{},"end":{}}],"line":142},"8":{"loc":{"start":{"line":190,"column":6},"end":{"line":194,"column":7}},"type":"if","locations":[{"start":{"line":190,"column":6},"end":{"line":194,"column":7}},{"start":{},"end":{}}],"line":190},"9":{"loc":{"start":{"line":239,"column":16},"end":{"line":241,"column":22}},"type":"cond-expr","locations":[{"start":{"line":240,"column":20},"end":{"line":240,"column":77}},{"start":{"line":241,"column":20},"end":{"line":241,"column":22}}],"line":239},"10":{"loc":{"start":{"line":266,"column":6},"end":{"line":270,"column":7}},"type":"if","locations":[{"start":{"line":266,"column":6},"end":{"line":270,"column":7}},{"start":{},"end":{}}],"line":266},"11":{"loc":{"start":{"line":327,"column":4},"end":{"line":335,"column":5}},"type":"if","locations":[{"start":{"line":327,"column":4},"end":{"line":335,"column":5}},{"start":{},"end":{}}],"line":327},"12":{"loc":{"start":{"line":339,"column":4},"end":{"line":346,"column":5}},"type":"if","locations":[{"start":{"line":339,"column":4},"end":{"line":346,"column":5}},{"start":{},"end":{}}],"line":339},"13":{"loc":{"start":{"line":350,"column":4},"end":{"line":357,"column":5}},"type":"if","locations":[{"start":{"line":350,"column":4},"end":{"line":357,"column":5}},{"start":{},"end":{}}],"line":350},"14":{"loc":{"start":{"line":361,"column":4},"end":{"line":368,"column":5}},"type":"if","locations":[{"start":{"line":361,"column":4},"end":{"line":368,"column":5}},{"start":{},"end":{}}],"line":361},"15":{"loc":{"start":{"line":378,"column":4},"end":{"line":380,"column":5}},"type":"if","locations":[{"start":{"line":378,"column":4},"end":{"line":380,"column":5}},{"start":{},"end":{}}],"line":378},"16":{"loc":{"start":{"line":381,"column":4},"end":{"line":383,"column":5}},"type":"if","locations":[{"start":{"line":381,"column":4},"end":{"line":383,"column":5}},{"start":{},"end":{}}],"line":381},"17":{"loc":{"start":{"line":392,"column":4},"end":{"line":394,"column":5}},"type":"if","locations":[{"start":{"line":392,"column":4},"end":{"line":394,"column":5}},{"start":{},"end":{}}],"line":392},"18":{"loc":{"start":{"line":397,"column":4},"end":{"line":399,"column":5}},"type":"if","locations":[{"start":{"line":397,"column":4},"end":{"line":399,"column":5}},{"start":{},"end":{}}],"line":397},"19":{"loc":{"start":{"line":406,"column":4},"end":{"line":410,"column":5}},"type":"if","locations":[{"start":{"line":406,"column":4},"end":{"line":410,"column":5}},{"start":{},"end":{}}],"line":406},"20":{"loc":{"start":{"line":413,"column":6},"end":{"line":416,"column":7}},"type":"if","locations":[{"start":{"line":413,"column":6},"end":{"line":416,"column":7}},{"start":{},"end":{}}],"line":413},"21":{"loc":{"start":{"line":427,"column":4},"end":{"line":448,"column":5}},"type":"if","locations":[{"start":{"line":427,"column":4},"end":{"line":448,"column":5}},{"start":{},"end":{}}],"line":427},"22":{"loc":{"start":{"line":427,"column":8},"end":{"line":427,"column":52}},"type":"binary-expr","locations":[{"start":{"line":427,"column":8},"end":{"line":427,"column":18}},{"start":{"line":427,"column":22},"end":{"line":427,"column":52}}],"line":427},"23":{"loc":{"start":{"line":430,"column":6},"end":{"line":432,"column":7}},"type":"if","locations":[{"start":{"line":430,"column":6},"end":{"line":432,"column":7}},{"start":{},"end":{}}],"line":430},"24":{"loc":{"start":{"line":440,"column":8},"end":{"line":446,"column":9}},"type":"if","locations":[{"start":{"line":440,"column":8},"end":{"line":446,"column":9}},{"start":{},"end":{}}],"line":440},"25":{"loc":{"start":{"line":440,"column":12},"end":{"line":440,"column":44}},"type":"binary-expr","locations":[{"start":{"line":440,"column":12},"end":{"line":440,"column":18}},{"start":{"line":440,"column":22},"end":{"line":440,"column":44}}],"line":440},"26":{"loc":{"start":{"line":458,"column":4},"end":{"line":460,"column":5}},"type":"if","locations":[{"start":{"line":458,"column":4},"end":{"line":460,"column":5}},{"start":{},"end":{}}],"line":458},"27":{"loc":{"start":{"line":461,"column":4},"end":{"line":463,"column":5}},"type":"if","locations":[{"start":{"line":461,"column":4},"end":{"line":463,"column":5}},{"start":{},"end":{}}],"line":461}},"s":{"0":0,"1":0,"2":0,"3":0,"4":0,"5":0,"6":0,"7":0,"8":0,"9":0,"10":0,"11":0,"12":0,"13":0,"14":0,"15":0,"16":0,"17":0,"18":0,"19":0,"20":0,"21":0,"22":0,"23":0,"24":0,"25":0,"26":0,"27":0,"28":0,"29":0,"30":0,"31":0,"32":0,"33":0,"34":0,"35":0,"36":0,"37":0,"38":0,"39":0,"40":0,"41":0,"42":0,"43":0,"44":0,"45":0,"46":0,"47":0,"48":0,"49":0,"50":0,"51":0,"52":0,"53":0,"54":0,"55":0,"56":0,"57":0,"58":0,"59":0,"60":0,"61":0,"62":0,"63":0,"64":0,"65":0,"66":0,"67":0,"68":0,"69":0,"70":0,"71":0,"72":0,"73":0,"74":0,"75":0,"76":0,"77":0,"78":0,"79":0,"80":0,"81":0,"82":0,"83":0,"84":0,"85":0,"86":0,"87":0,"88":0,"89":0,"90":0,"91":0,"92":0,"93":0,"94":0,"95":0,"96":0,"97":0,"98":0,"99":0,"100":0,"101":0,"102":0,"103":0,"104":0,"105":0,"106":0,"107":0,"108":0,"109":0,"110":0,"111":0,"112":0,"113":0,"114":0,"115":0,"116":0,"117":0,"118":0,"119":0,"120":0,"121":0,"122":0,"123":0,"124":0,"125":0,"126":0,"127":0,"128":0,"129":0,"130":0,"131":0,"132":0,"133":0,"134":0,"135":0,"136":0,"137":0,"138":0,"139":0,"140":0,"141":0,"142":0,"143":0,"144":0,"145":0,"146":0,"147":0,"148":0,"149":0},"f":{"0":0,"1":0,"2":0,"3":0,"4":0,"5":0,"6":0,"7":0,"8":0,"9":0,"10":0,"11":0,"12":0,"13":0,"14":0,"15":0,"16":0,"17":0,"18":0,"19":0,"20":0,"21":0,"22":0,"23":0,"24":0},"b":{"0":[0,0],"1":[0,0],"2":[0,0],"3":[0,0],"4":[0,0],"5":[0,0],"6":[0,0,0],"7":[0,0],"8":[0,0],"9":[0,0],"10":[0,0],"11":[0,0],"12":[0,0],"13":[0,0],"14":[0,0],"15":[0,0],"16":[0,0],"17":[0,0],"18":[0,0],"19":[0,0],"20":[0,0],"21":[0,0],"22":[0,0],"23":[0,0],"24":[0,0],"25":[0,0],"26":[0,0],"27":[0,0]},"inputSourceMap":null}
,"C:\\Users\\Abner\\Desktop\\Github\\27837_G1_ADS\\Biblioteca de Trabajo\\1. ELICITACIÓN\\1.0. Linea Base\\LBC\\SEGUNDA ITERACIÓN\\js\\controllers\\ControladorFormulario.js": {"path":"C:\\Users\\Abner\\Desktop\\Github\\27837_G1_ADS\\Biblioteca de Trabajo\\1. ELICITACIÓN\\1.0. Linea Base\\LBC\\SEGUNDA ITERACIÓN\\js\\controllers\\ControladorFormulario.js","statementMap":{"0":{"start":{"line":8,"column":4},"end":{"line":8,"column":27}},"1":{"start":{"line":9,"column":4},"end":{"line":12,"column":6}},"2":{"start":{"line":19,"column":4},"end":{"line":19,"column":40}},"3":{"start":{"line":20,"column":4},"end":{"line":20,"column":29}},"4":{"start":{"line":27,"column":4},"end":{"line":27,"column":33}},"5":{"start":{"line":27,"column":26},"end":{"line":27,"column":33}},"6":{"start":{"line":30,"column":24},"end":{"line":30,"column":77}},"7":{"start":{"line":31,"column":4},"end":{"line":33,"column":5}},"8":{"start":{"line":32,"column":6},"end":{"line":32,"column":76}},"9":{"start":{"line":32,"column":50},"end":{"line":32,"column":74}},"10":{"start":{"line":36,"column":4},"end":{"line":39,"column":7}},"11":{"start":{"line":37,"column":6},"end":{"line":37,"column":25}},"12":{"start":{"line":38,"column":6},"end":{"line":38,"column":27}},"13":{"start":{"line":47,"column":6},"end":{"line":47,"column":72}},"14":{"start":{"line":48,"column":20},"end":{"line":48,"column":55}},"15":{"start":{"line":50,"column":4},"end":{"line":56,"column":5}},"16":{"start":{"line":51,"column":6},"end":{"line":51,"column":44}},"17":{"start":{"line":51,"column":19},"end":{"line":51,"column":44}},"18":{"start":{"line":52,"column":6},"end":{"line":52,"column":18}},"19":{"start":{"line":54,"column":6},"end":{"line":54,"column":43}},"20":{"start":{"line":54,"column":19},"end":{"line":54,"column":43}},"21":{"start":{"line":55,"column":6},"end":{"line":55,"column":19}},"22":{"start":{"line":64,"column":6},"end":{"line":64,"column":72}},"23":{"start":{"line":65,"column":18},"end":{"line":67,"column":5}},"24":{"start":{"line":69,"column":6},"end":{"line":69,"column":68}},"25":{"start":{"line":70,"column":21},"end":{"line":72,"column":5}},"26":{"start":{"line":73,"column":18},"end":{"line":73,"column":76}},"27":{"start":{"line":76,"column":26},"end":{"line":78,"column":5}},"28":{"start":{"line":79,"column":21},"end":{"line":79,"column":22}},"29":{"start":{"line":80,"column":4},"end":{"line":86,"column":5}},"30":{"start":{"line":81,"column":20},"end":{"line":81,"column":52}},"31":{"start":{"line":82,"column":20},"end":{"line":82,"column":38}},"32":{"start":{"line":83,"column":6},"end":{"line":85,"column":7}},"33":{"start":{"line":84,"column":8},"end":{"line":84,"column":40}},"34":{"start":{"line":89,"column":28},"end":{"line":91,"column":5}},"35":{"start":{"line":92,"column":23},"end":{"line":92,"column":33}},"36":{"start":{"line":93,"column":16},"end":{"line":93,"column":20}},"37":{"start":{"line":94,"column":4},"end":{"line":100,"column":5}},"38":{"start":{"line":95,"column":6},"end":{"line":96,"column":72}},"39":{"start":{"line":98,"column":6},"end":{"line":99,"column":58}},"40":{"start":{"line":98,"column":37},"end":{"line":98,"column":50}},"41":{"start":{"line":99,"column":11},"end":{"line":99,"column":58}},"42":{"start":{"line":99,"column":45},"end":{"line":99,"column":58}},"43":{"start":{"line":102,"column":4},"end":{"line":112,"column":6}},"44":{"start":{"line":119,"column":4},"end":{"line":122,"column":5}},"45":{"start":{"line":120,"column":6},"end":{"line":120,"column":76}},"46":{"start":{"line":121,"column":6},"end":{"line":121,"column":13}},"47":{"start":{"line":124,"column":18},"end":{"line":124,"column":37}},"48":{"start":{"line":126,"column":4},"end":{"line":128,"column":5}},"49":{"start":{"line":127,"column":6},"end":{"line":127,"column":43}},"50":{"start":{"line":135,"column":4},"end":{"line":166,"column":5}},"51":{"start":{"line":136,"column":6},"end":{"line":136,"column":30}},"52":{"start":{"line":139,"column":24},"end":{"line":139,"column":61}},"53":{"start":{"line":140,"column":6},"end":{"line":140,"column":51}},"54":{"start":{"line":140,"column":21},"end":{"line":140,"column":51}},"55":{"start":{"line":143,"column":28},"end":{"line":143,"column":78}},"56":{"start":{"line":144,"column":6},"end":{"line":150,"column":9}},"57":{"start":{"line":145,"column":8},"end":{"line":149,"column":9}},"58":{"start":{"line":146,"column":10},"end":{"line":146,"column":38}},"59":{"start":{"line":148,"column":10},"end":{"line":148,"column":41}},"60":{"start":{"line":154,"column":8},"end":{"line":154,"column":61}},"61":{"start":{"line":155,"column":6},"end":{"line":161,"column":9}},"62":{"start":{"line":156,"column":8},"end":{"line":160,"column":9}},"63":{"start":{"line":157,"column":10},"end":{"line":157,"column":38}},"64":{"start":{"line":159,"column":10},"end":{"line":159,"column":41}},"65":{"start":{"line":164,"column":22},"end":{"line":164,"column":57}},"66":{"start":{"line":165,"column":6},"end":{"line":165,"column":43}},"67":{"start":{"line":165,"column":19},"end":{"line":165,"column":43}},"68":{"start":{"line":173,"column":4},"end":{"line":173,"column":33}},"69":{"start":{"line":173,"column":26},"end":{"line":173,"column":33}},"70":{"start":{"line":176,"column":24},"end":{"line":176,"column":77}},"71":{"start":{"line":177,"column":4},"end":{"line":177,"column":60}},"72":{"start":{"line":177,"column":21},"end":{"line":177,"column":60}},"73":{"start":{"line":180,"column":22},"end":{"line":180,"column":59}},"74":{"start":{"line":181,"column":4},"end":{"line":181,"column":61}},"75":{"start":{"line":181,"column":19},"end":{"line":181,"column":61}},"76":{"start":{"line":184,"column":22},"end":{"line":184,"column":66}},"77":{"start":{"line":185,"column":4},"end":{"line":185,"column":68}},"78":{"start":{"line":185,"column":19},"end":{"line":185,"column":68}},"79":{"start":{"line":188,"column":26},"end":{"line":188,"column":74}},"80":{"start":{"line":189,"column":4},"end":{"line":189,"column":71}},"81":{"start":{"line":189,"column":23},"end":{"line":189,"column":71}},"82":{"start":{"line":192,"column":23},"end":{"line":192,"column":68}},"83":{"start":{"line":193,"column":4},"end":{"line":193,"column":63}},"84":{"start":{"line":193,"column":20},"end":{"line":193,"column":63}},"85":{"start":{"line":196,"column":26},"end":{"line":196,"column":76}},"86":{"start":{"line":197,"column":4},"end":{"line":205,"column":7}},"87":{"start":{"line":198,"column":20},"end":{"line":198,"column":42}},"88":{"start":{"line":199,"column":20},"end":{"line":199,"column":38}},"89":{"start":{"line":200,"column":6},"end":{"line":204,"column":7}},"90":{"start":{"line":201,"column":8},"end":{"line":201,"column":36}},"91":{"start":{"line":203,"column":8},"end":{"line":203,"column":39}},"92":{"start":{"line":209,"column":6},"end":{"line":209,"column":59}},"93":{"start":{"line":210,"column":4},"end":{"line":217,"column":7}},"94":{"start":{"line":211,"column":27},"end":{"line":211,"column":64}},"95":{"start":{"line":212,"column":6},"end":{"line":216,"column":7}},"96":{"start":{"line":213,"column":8},"end":{"line":213,"column":36}},"97":{"start":{"line":215,"column":8},"end":{"line":215,"column":39}},"98":{"start":{"line":220,"column":25},"end":{"line":220,"column":61}},"99":{"start":{"line":221,"column":4},"end":{"line":223,"column":5}},"100":{"start":{"line":222,"column":6},"end":{"line":222,"column":65}},"101":{"start":{"line":225,"column":4},"end":{"line":225,"column":29}},"102":{"start":{"line":232,"column":4},"end":{"line":232,"column":39}},"103":{"start":{"line":239,"column":4},"end":{"line":239,"column":39}},"104":{"start":{"line":246,"column":4},"end":{"line":246,"column":19}},"105":{"start":{"line":254,"column":4},"end":{"line":254,"column":25}}},"fnMap":{"0":{"name":"(anonymous_0)","decl":{"start":{"line":7,"column":2},"end":{"line":7,"column":3}},"loc":{"start":{"line":7,"column":16},"end":{"line":13,"column":3}},"line":7},"1":{"name":"(anonymous_1)","decl":{"start":{"line":18,"column":2},"end":{"line":18,"column":3}},"loc":{"start":{"line":18,"column":33},"end":{"line":21,"column":3}},"line":18},"2":{"name":"(anonymous_2)","decl":{"start":{"line":26,"column":2},"end":{"line":26,"column":3}},"loc":{"start":{"line":26,"column":22},"end":{"line":40,"column":3}},"line":26},"3":{"name":"(anonymous_3)","decl":{"start":{"line":32,"column":44},"end":{"line":32,"column":45}},"loc":{"start":{"line":32,"column":50},"end":{"line":32,"column":74}},"line":32},"4":{"name":"(anonymous_4)","decl":{"start":{"line":36,"column":47},"end":{"line":36,"column":48}},"loc":{"start":{"line":36,"column":54},"end":{"line":39,"column":5}},"line":36},"5":{"name":"(anonymous_5)","decl":{"start":{"line":45,"column":2},"end":{"line":45,"column":3}},"loc":{"start":{"line":45,"column":22},"end":{"line":57,"column":3}},"line":45},"6":{"name":"(anonymous_6)","decl":{"start":{"line":62,"column":2},"end":{"line":62,"column":3}},"loc":{"start":{"line":62,"column":17},"end":{"line":113,"column":3}},"line":62},"7":{"name":"(anonymous_7)","decl":{"start":{"line":118,"column":2},"end":{"line":118,"column":3}},"loc":{"start":{"line":118,"column":24},"end":{"line":129,"column":3}},"line":118},"8":{"name":"(anonymous_8)","decl":{"start":{"line":134,"column":2},"end":{"line":134,"column":3}},"loc":{"start":{"line":134,"column":12},"end":{"line":167,"column":3}},"line":134},"9":{"name":"(anonymous_9)","decl":{"start":{"line":144,"column":28},"end":{"line":144,"column":29}},"loc":{"start":{"line":144,"column":44},"end":{"line":150,"column":7}},"line":144},"10":{"name":"(anonymous_10)","decl":{"start":{"line":155,"column":31},"end":{"line":155,"column":32}},"loc":{"start":{"line":155,"column":47},"end":{"line":161,"column":7}},"line":155},"11":{"name":"(anonymous_11)","decl":{"start":{"line":172,"column":2},"end":{"line":172,"column":3}},"loc":{"start":{"line":172,"column":27},"end":{"line":226,"column":3}},"line":172},"12":{"name":"(anonymous_12)","decl":{"start":{"line":197,"column":26},"end":{"line":197,"column":27}},"loc":{"start":{"line":197,"column":35},"end":{"line":205,"column":5}},"line":197},"13":{"name":"(anonymous_13)","decl":{"start":{"line":210,"column":29},"end":{"line":210,"column":30}},"loc":{"start":{"line":210,"column":38},"end":{"line":217,"column":5}},"line":210},"14":{"name":"(anonymous_14)","decl":{"start":{"line":231,"column":2},"end":{"line":231,"column":3}},"loc":{"start":{"line":231,"column":21},"end":{"line":233,"column":3}},"line":231},"15":{"name":"(anonymous_15)","decl":{"start":{"line":238,"column":2},"end":{"line":238,"column":3}},"loc":{"start":{"line":238,"column":21},"end":{"line":240,"column":3}},"line":238},"16":{"name":"(anonymous_16)","decl":{"start":{"line":245,"column":2},"end":{"line":245,"column":3}},"loc":{"start":{"line":245,"column":24},"end":{"line":247,"column":3}},"line":245},"17":{"name":"(anonymous_17)","decl":{"start":{"line":252,"column":2},"end":{"line":252,"column":3}},"loc":{"start":{"line":252,"column":31},"end":{"line":255,"column":3}},"line":252}},"branchMap":{"0":{"loc":{"start":{"line":27,"column":4},"end":{"line":27,"column":33}},"type":"if","locations":[{"start":{"line":27,"column":4},"end":{"line":27,"column":33}},{"start":{},"end":{}}],"line":27},"1":{"loc":{"start":{"line":31,"column":4},"end":{"line":33,"column":5}},"type":"if","locations":[{"start":{"line":31,"column":4},"end":{"line":33,"column":5}},{"start":{},"end":{}}],"line":31},"2":{"loc":{"start":{"line":47,"column":6},"end":{"line":47,"column":72}},"type":"binary-expr","locations":[{"start":{"line":47,"column":6},"end":{"line":47,"column":66}},{"start":{"line":47,"column":70},"end":{"line":47,"column":72}}],"line":47},"3":{"loc":{"start":{"line":50,"column":4},"end":{"line":56,"column":5}},"type":"if","locations":[{"start":{"line":50,"column":4},"end":{"line":56,"column":5}},{"start":{"line":53,"column":11},"end":{"line":56,"column":5}}],"line":50},"4":{"loc":{"start":{"line":51,"column":6},"end":{"line":51,"column":44}},"type":"if","locations":[{"start":{"line":51,"column":6},"end":{"line":51,"column":44}},{"start":{},"end":{}}],"line":51},"5":{"loc":{"start":{"line":54,"column":6},"end":{"line":54,"column":43}},"type":"if","locations":[{"start":{"line":54,"column":6},"end":{"line":54,"column":43}},{"start":{},"end":{}}],"line":54},"6":{"loc":{"start":{"line":64,"column":6},"end":{"line":64,"column":72}},"type":"binary-expr","locations":[{"start":{"line":64,"column":6},"end":{"line":64,"column":66}},{"start":{"line":64,"column":70},"end":{"line":64,"column":72}}],"line":64},"7":{"loc":{"start":{"line":66,"column":6},"end":{"line":66,"column":65}},"type":"binary-expr","locations":[{"start":{"line":66,"column":6},"end":{"line":66,"column":56}},{"start":{"line":66,"column":60},"end":{"line":66,"column":65}}],"line":66},"8":{"loc":{"start":{"line":69,"column":6},"end":{"line":69,"column":68}},"type":"binary-expr","locations":[{"start":{"line":69,"column":6},"end":{"line":69,"column":57}},{"start":{"line":69,"column":61},"end":{"line":69,"column":68}}],"line":69},"9":{"loc":{"start":{"line":71,"column":6},"end":{"line":71,"column":68}},"type":"binary-expr","locations":[{"start":{"line":71,"column":6},"end":{"line":71,"column":61}},{"start":{"line":71,"column":65},"end":{"line":71,"column":68}}],"line":71},"10":{"loc":{"start":{"line":73,"column":18},"end":{"line":73,"column":76}},"type":"binary-expr","locations":[{"start":{"line":73,"column":18},"end":{"line":73,"column":70}},{"start":{"line":73,"column":74},"end":{"line":73,"column":76}}],"line":73},"11":{"loc":{"start":{"line":80,"column":4},"end":{"line":86,"column":5}},"type":"if","locations":[{"start":{"line":80,"column":4},"end":{"line":86,"column":5}},{"start":{},"end":{}}],"line":80},"12":{"loc":{"start":{"line":83,"column":6},"end":{"line":85,"column":7}},"type":"if","locations":[{"start":{"line":83,"column":6},"end":{"line":85,"column":7}},{"start":{},"end":{}}],"line":83},"13":{"loc":{"start":{"line":94,"column":4},"end":{"line":100,"column":5}},"type":"if","locations":[{"start":{"line":94,"column":4},"end":{"line":100,"column":5}},{"start":{},"end":{}}],"line":94},"14":{"loc":{"start":{"line":96,"column":8},"end":{"line":96,"column":71}},"type":"binary-expr","locations":[{"start":{"line":96,"column":8},"end":{"line":96,"column":57}},{"start":{"line":96,"column":61},"end":{"line":96,"column":71}}],"line":96},"15":{"loc":{"start":{"line":98,"column":6},"end":{"line":99,"column":58}},"type":"if","locations":[{"start":{"line":98,"column":6},"end":{"line":99,"column":58}},{"start":{"line":99,"column":11},"end":{"line":99,"column":58}}],"line":98},"16":{"loc":{"start":{"line":99,"column":11},"end":{"line":99,"column":58}},"type":"if","locations":[{"start":{"line":99,"column":11},"end":{"line":99,"column":58}},{"start":{},"end":{}}],"line":99},"17":{"loc":{"start":{"line":105,"column":19},"end":{"line":105,"column":76}},"type":"binary-expr","locations":[{"start":{"line":105,"column":19},"end":{"line":105,"column":68}},{"start":{"line":105,"column":72},"end":{"line":105,"column":76}}],"line":105},"18":{"loc":{"start":{"line":119,"column":4},"end":{"line":122,"column":5}},"type":"if","locations":[{"start":{"line":119,"column":4},"end":{"line":122,"column":5}},{"start":{},"end":{}}],"line":119},"19":{"loc":{"start":{"line":126,"column":4},"end":{"line":128,"column":5}},"type":"if","locations":[{"start":{"line":126,"column":4},"end":{"line":128,"column":5}},{"start":{},"end":{}}],"line":126},"20":{"loc":{"start":{"line":135,"column":4},"end":{"line":166,"column":5}},"type":"if","locations":[{"start":{"line":135,"column":4},"end":{"line":166,"column":5}},{"start":{},"end":{}}],"line":135},"21":{"loc":{"start":{"line":140,"column":6},"end":{"line":140,"column":51}},"type":"if","locations":[{"start":{"line":140,"column":6},"end":{"line":140,"column":51}},{"start":{},"end":{}}],"line":140},"22":{"loc":{"start":{"line":145,"column":8},"end":{"line":149,"column":9}},"type":"if","locations":[{"start":{"line":145,"column":8},"end":{"line":149,"column":9}},{"start":{"line":147,"column":15},"end":{"line":149,"column":9}}],"line":145},"23":{"loc":{"start":{"line":156,"column":8},"end":{"line":160,"column":9}},"type":"if","locations":[{"start":{"line":156,"column":8},"end":{"line":160,"column":9}},{"start":{"line":158,"column":15},"end":{"line":160,"column":9}}],"line":156},"24":{"loc":{"start":{"line":165,"column":6},"end":{"line":165,"column":43}},"type":"if","locations":[{"start":{"line":165,"column":6},"end":{"line":165,"column":43}},{"start":{},"end":{}}],"line":165},"25":{"loc":{"start":{"line":173,"column":4},"end":{"line":173,"column":33}},"type":"if","locations":[{"start":{"line":173,"column":4},"end":{"line":173,"column":33}},{"start":{},"end":{}}],"line":173},"26":{"loc":{"start":{"line":177,"column":4},"end":{"line":177,"column":60}},"type":"if","locations":[{"start":{"line":177,"column":4},"end":{"line":177,"column":60}},{"start":{},"end":{}}],"line":177},"27":{"loc":{"start":{"line":181,"column":4},"end":{"line":181,"column":61}},"type":"if","locations":[{"start":{"line":181,"column":4},"end":{"line":181,"column":61}},{"start":{},"end":{}}],"line":181},"28":{"loc":{"start":{"line":185,"column":4},"end":{"line":185,"column":68}},"type":"if","locations":[{"start":{"line":185,"column":4},"end":{"line":185,"column":68}},{"start":{},"end":{}}],"line":185},"29":{"loc":{"start":{"line":189,"column":4},"end":{"line":189,"column":71}},"type":"if","locations":[{"start":{"line":189,"column":4},"end":{"line":189,"column":71}},{"start":{},"end":{}}],"line":189},"30":{"loc":{"start":{"line":189,"column":45},"end":{"line":189,"column":70}},"type":"binary-expr","locations":[{"start":{"line":189,"column":45},"end":{"line":189,"column":65}},{"start":{"line":189,"column":69},"end":{"line":189,"column":70}}],"line":189},"31":{"loc":{"start":{"line":193,"column":4},"end":{"line":193,"column":63}},"type":"if","locations":[{"start":{"line":193,"column":4},"end":{"line":193,"column":63}},{"start":{},"end":{}}],"line":193},"32":{"loc":{"start":{"line":193,"column":39},"end":{"line":193,"column":62}},"type":"binary-expr","locations":[{"start":{"line":193,"column":39},"end":{"line":193,"column":56}},{"start":{"line":193,"column":60},"end":{"line":193,"column":62}}],"line":193},"33":{"loc":{"start":{"line":200,"column":6},"end":{"line":204,"column":7}},"type":"if","locations":[{"start":{"line":200,"column":6},"end":{"line":204,"column":7}},{"start":{"line":202,"column":13},"end":{"line":204,"column":7}}],"line":200},"34":{"loc":{"start":{"line":200,"column":10},"end":{"line":200,"column":64}},"type":"binary-expr","locations":[{"start":{"line":200,"column":10},"end":{"line":200,"column":15}},{"start":{"line":200,"column":19},"end":{"line":200,"column":64}}],"line":200},"35":{"loc":{"start":{"line":212,"column":6},"end":{"line":216,"column":7}},"type":"if","locations":[{"start":{"line":212,"column":6},"end":{"line":216,"column":7}},{"start":{"line":214,"column":13},"end":{"line":216,"column":7}}],"line":212},"36":{"loc":{"start":{"line":221,"column":4},"end":{"line":223,"column":5}},"type":"if","locations":[{"start":{"line":221,"column":4},"end":{"line":223,"column":5}},{"start":{},"end":{}}],"line":221},"37":{"loc":{"start":{"line":222,"column":33},"end":{"line":222,"column":64}},"type":"binary-expr","locations":[{"start":{"line":222,"column":33},"end":{"line":222,"column":56}},{"start":{"line":222,"column":60},"end":{"line":222,"column":64}}],"line":222}},"s":{"0":0,"1":0,"2":0,"3":0,"4":0,"5":0,"6":0,"7":0,"8":0,"9":0,"10":0,"11":0,"12":0,"13":0,"14":0,"15":0,"16":0,"17":0,"18":0,"19":0,"20":0,"21":0,"22":0,"23":0,"24":0,"25":0,"26":0,"27":0,"28":0,"29":0,"30":0,"31":0,"32":0,"33":0,"34":0,"35":0,"36":0,"37":0,"38":0,"39":0,"40":0,"41":0,"42":0,"43":0,"44":0,"45":0,"46":0,"47":0,"48":0,"49":0,"50":0,"51":0,"52":0,"53":0,"54":0,"55":0,"56":0,"57":0,"58":0,"59":0,"60":0,"61":0,"62":0,"63":0,"64":0,"65":0,"66":0,"67":0,"68":0,"69":0,"70":0,"71":0,"72":0,"73":0,"74":0,"75":0,"76":0,"77":0,"78":0,"79":0,"80":0,"81":0,"82":0,"83":0,"84":0,"85":0,"86":0,"87":0,"88":0,"89":0,"90":0,"91":0,"92":0,"93":0,"94":0,"95":0,"96":0,"97":0,"98":0,"99":0,"100":0,"101":0,"102":0,"103":0,"104":0,"105":0},"f":{"0":0,"1":0,"2":0,"3":0,"4":0,"5":0,"6":0,"7":0,"8":0,"9":0,"10":0,"11":0,"12":0,"13":0,"14":0,"15":0,"16":0,"17":0},"b":{"0":[0,0],"1":[0,0],"2":[0,0],"3":[0,0],"4":[0,0],"5":[0,0],"6":[0,0],"7":[0,0],"8":[0,0],"9":[0,0],"10":[0,0],"11":[0,0],"12":[0,0],"13":[0,0],"14":[0,0],"15":[0,0],"16":[0,0],"17":[0,0],"18":[0,0],"19":[0,0],"20":[0,0],"21":[0,0],"22":[0,0],"23":[0,0],"24":[0,0],"25":[0,0],"26":[0,0],"27":[0,0],"28":[0,0],"29":[0,0],"30":[0,0],"31":[0,0],"32":[0,0],"33":[0,0],"34":[0,0],"35":[0,0],"36":[0,0],"37":[0,0]},"inputSourceMap":null}
,"C:\\Users\\Abner\\Desktop\\Github\\27837_G1_ADS\\Biblioteca de Trabajo\\1. ELICITACIÓN\\1.0. Linea Base\\LBC\\SEGUNDA ITERACIÓN\\js\\controllers\\ControladorHistorial.js": {"path":"C:\\Users\\Abner\\Desktop\\Github\\27837_G1_ADS\\Biblioteca de Trabajo\\1. ELICITACIÓN\\1.0. Linea Base\\LBC\\SEGUNDA ITERACIÓN\\js\\controllers\\ControladorHistorial.js","statementMap":{"0":{"start":{"line":12,"column":4},"end":{"line":12,"column":45}},"1":{"start":{"line":13,"column":4},"end":{"line":13,"column":47}},"2":{"start":{"line":14,"column":4},"end":{"line":14,"column":52}},"3":{"start":{"line":15,"column":4},"end":{"line":15,"column":22}},"4":{"start":{"line":16,"column":4},"end":{"line":16,"column":27}},"5":{"start":{"line":17,"column":4},"end":{"line":20,"column":6}},"6":{"start":{"line":27,"column":4},"end":{"line":33,"column":5}},"7":{"start":{"line":28,"column":6},"end":{"line":28,"column":31}},"8":{"start":{"line":29,"column":6},"end":{"line":29,"column":31}},"9":{"start":{"line":30,"column":6},"end":{"line":30,"column":24}},"10":{"start":{"line":32,"column":6},"end":{"line":32,"column":77}},"11":{"start":{"line":40,"column":4},"end":{"line":49,"column":5}},"12":{"start":{"line":41,"column":6},"end":{"line":41,"column":65}},"13":{"start":{"line":42,"column":6},"end":{"line":42,"column":71}},"14":{"start":{"line":45,"column":6},"end":{"line":45,"column":38}},"15":{"start":{"line":47,"column":6},"end":{"line":47,"column":67}},"16":{"start":{"line":48,"column":6},"end":{"line":48,"column":18}},"17":{"start":{"line":57,"column":30},"end":{"line":57,"column":75}},"18":{"start":{"line":58,"column":4},"end":{"line":63,"column":5}},"19":{"start":{"line":59,"column":6},"end":{"line":62,"column":9}},"20":{"start":{"line":60,"column":8},"end":{"line":60,"column":52}},"21":{"start":{"line":61,"column":8},"end":{"line":61,"column":26}},"22":{"start":{"line":66,"column":23},"end":{"line":66,"column":61}},"23":{"start":{"line":67,"column":4},"end":{"line":72,"column":5}},"24":{"start":{"line":68,"column":6},"end":{"line":71,"column":9}},"25":{"start":{"line":69,"column":8},"end":{"line":69,"column":43}},"26":{"start":{"line":70,"column":8},"end":{"line":70,"column":26}},"27":{"start":{"line":75,"column":22},"end":{"line":75,"column":59}},"28":{"start":{"line":76,"column":4},"end":{"line":80,"column":5}},"29":{"start":{"line":77,"column":6},"end":{"line":79,"column":9}},"30":{"start":{"line":78,"column":8},"end":{"line":78,"column":38}},"31":{"start":{"line":83,"column":20},"end":{"line":83,"column":63}},"32":{"start":{"line":84,"column":4},"end":{"line":88,"column":5}},"33":{"start":{"line":85,"column":6},"end":{"line":87,"column":9}},"34":{"start":{"line":86,"column":8},"end":{"line":86,"column":22}},"35":{"start":{"line":95,"column":19},"end":{"line":95,"column":64}},"36":{"start":{"line":96,"column":4},"end":{"line":96,"column":24}},"37":{"start":{"line":96,"column":17},"end":{"line":96,"column":24}},"38":{"start":{"line":99,"column":4},"end":{"line":99,"column":74}},"39":{"start":{"line":101,"column":4},"end":{"line":107,"column":7}},"40":{"start":{"line":102,"column":21},"end":{"line":102,"column":53}},"41":{"start":{"line":103,"column":6},"end":{"line":103,"column":28}},"42":{"start":{"line":105,"column":6},"end":{"line":105,"column":38}},"43":{"start":{"line":106,"column":6},"end":{"line":106,"column":33}},"44":{"start":{"line":114,"column":27},"end":{"line":114,"column":44}},"45":{"start":{"line":117,"column":4},"end":{"line":122,"column":5}},"46":{"start":{"line":118,"column":6},"end":{"line":121,"column":8}},"47":{"start":{"line":124,"column":4},"end":{"line":129,"column":5}},"48":{"start":{"line":125,"column":6},"end":{"line":128,"column":8}},"49":{"start":{"line":131,"column":4},"end":{"line":131,"column":63}},"50":{"start":{"line":138,"column":21},"end":{"line":151,"column":5}},"51":{"start":{"line":141,"column":22},"end":{"line":141,"column":40}},"52":{"start":{"line":145,"column":22},"end":{"line":145,"column":42}},"53":{"start":{"line":149,"column":22},"end":{"line":149,"column":42}},"54":{"start":{"line":154,"column":17},"end":{"line":154,"column":46}},"55":{"start":{"line":155,"column":4},"end":{"line":155,"column":35}},"56":{"start":{"line":156,"column":4},"end":{"line":171,"column":6}},"57":{"start":{"line":162,"column":23},"end":{"line":166,"column":9}},"58":{"start":{"line":173,"column":4},"end":{"line":173,"column":36}},"59":{"start":{"line":176,"column":4},"end":{"line":182,"column":7}},"60":{"start":{"line":177,"column":6},"end":{"line":181,"column":9}},"61":{"start":{"line":178,"column":22},"end":{"line":178,"column":49}},"62":{"start":{"line":179,"column":8},"end":{"line":179,"column":33}},"63":{"start":{"line":180,"column":8},"end":{"line":180,"column":22}},"64":{"start":{"line":184,"column":4},"end":{"line":186,"column":7}},"65":{"start":{"line":185,"column":6},"end":{"line":185,"column":20}},"66":{"start":{"line":188,"column":4},"end":{"line":190,"column":7}},"67":{"start":{"line":189,"column":6},"end":{"line":189,"column":20}},"68":{"start":{"line":197,"column":4},"end":{"line":211,"column":5}},"69":{"start":{"line":198,"column":23},"end":{"line":201,"column":7}},"70":{"start":{"line":203,"column":6},"end":{"line":203,"column":60}},"71":{"start":{"line":204,"column":6},"end":{"line":204,"column":71}},"72":{"start":{"line":206,"column":6},"end":{"line":206,"column":53}},"73":{"start":{"line":207,"column":6},"end":{"line":210,"column":8}},"74":{"start":{"line":218,"column":4},"end":{"line":232,"column":5}},"75":{"start":{"line":219,"column":23},"end":{"line":222,"column":7}},"76":{"start":{"line":224,"column":6},"end":{"line":224,"column":56}},"77":{"start":{"line":225,"column":6},"end":{"line":225,"column":73}},"78":{"start":{"line":227,"column":6},"end":{"line":227,"column":55}},"79":{"start":{"line":228,"column":6},"end":{"line":231,"column":8}},"80":{"start":{"line":239,"column":4},"end":{"line":249,"column":5}},"81":{"start":{"line":240,"column":22},"end":{"line":242,"column":8}},"82":{"start":{"line":244,"column":6},"end":{"line":244,"column":51}},"83":{"start":{"line":245,"column":6},"end":{"line":245,"column":68}},"84":{"start":{"line":247,"column":6},"end":{"line":247,"column":55}},"85":{"start":{"line":248,"column":6},"end":{"line":248,"column":69}},"86":{"start":{"line":256,"column":18},"end":{"line":256,"column":47}},"87":{"start":{"line":257,"column":4},"end":{"line":257,"column":58}},"88":{"start":{"line":258,"column":4},"end":{"line":258,"column":32}},"89":{"start":{"line":259,"column":4},"end":{"line":259,"column":37}},"90":{"start":{"line":261,"column":4},"end":{"line":263,"column":12}},"91":{"start":{"line":262,"column":6},"end":{"line":262,"column":34}},"92":{"start":{"line":265,"column":4},"end":{"line":268,"column":13}},"93":{"start":{"line":266,"column":6},"end":{"line":266,"column":37}},"94":{"start":{"line":267,"column":6},"end":{"line":267,"column":44}},"95":{"start":{"line":267,"column":23},"end":{"line":267,"column":37}},"96":{"start":{"line":275,"column":26},"end":{"line":275,"column":67}},"97":{"start":{"line":276,"column":23},"end":{"line":276,"column":61}},"98":{"start":{"line":278,"column":4},"end":{"line":280,"column":5}},"99":{"start":{"line":279,"column":6},"end":{"line":279,"column":47}},"100":{"start":{"line":281,"column":4},"end":{"line":283,"column":5}},"101":{"start":{"line":282,"column":6},"end":{"line":282,"column":41}},"102":{"start":{"line":290,"column":4},"end":{"line":290,"column":29}},"103":{"start":{"line":291,"column":4},"end":{"line":291,"column":22}}},"fnMap":{"0":{"name":"(anonymous_0)","decl":{"start":{"line":11,"column":2},"end":{"line":11,"column":3}},"loc":{"start":{"line":11,"column":16},"end":{"line":21,"column":3}},"line":11},"1":{"name":"(anonymous_1)","decl":{"start":{"line":26,"column":2},"end":{"line":26,"column":3}},"loc":{"start":{"line":26,"column":22},"end":{"line":34,"column":3}},"line":26},"2":{"name":"(anonymous_2)","decl":{"start":{"line":39,"column":2},"end":{"line":39,"column":3}},"loc":{"start":{"line":39,"column":22},"end":{"line":50,"column":3}},"line":39},"3":{"name":"(anonymous_3)","decl":{"start":{"line":55,"column":2},"end":{"line":55,"column":3}},"loc":{"start":{"line":55,"column":22},"end":{"line":89,"column":3}},"line":55},"4":{"name":"(anonymous_4)","decl":{"start":{"line":59,"column":51},"end":{"line":59,"column":52}},"loc":{"start":{"line":59,"column":58},"end":{"line":62,"column":7}},"line":59},"5":{"name":"(anonymous_5)","decl":{"start":{"line":68,"column":44},"end":{"line":68,"column":45}},"loc":{"start":{"line":68,"column":51},"end":{"line":71,"column":7}},"line":68},"6":{"name":"(anonymous_6)","decl":{"start":{"line":77,"column":42},"end":{"line":77,"column":43}},"loc":{"start":{"line":77,"column":48},"end":{"line":79,"column":7}},"line":77},"7":{"name":"(anonymous_7)","decl":{"start":{"line":85,"column":40},"end":{"line":85,"column":41}},"loc":{"start":{"line":85,"column":46},"end":{"line":87,"column":7}},"line":85},"8":{"name":"(anonymous_8)","decl":{"start":{"line":94,"column":2},"end":{"line":94,"column":3}},"loc":{"start":{"line":94,"column":29},"end":{"line":108,"column":3}},"line":94},"9":{"name":"(anonymous_9)","decl":{"start":{"line":101,"column":30},"end":{"line":101,"column":31}},"loc":{"start":{"line":101,"column":39},"end":{"line":107,"column":5}},"line":101},"10":{"name":"(anonymous_10)","decl":{"start":{"line":113,"column":2},"end":{"line":113,"column":3}},"loc":{"start":{"line":113,"column":15},"end":{"line":132,"column":3}},"line":113},"11":{"name":"(anonymous_11)","decl":{"start":{"line":137,"column":2},"end":{"line":137,"column":3}},"loc":{"start":{"line":137,"column":27},"end":{"line":191,"column":3}},"line":137},"12":{"name":"(anonymous_12)","decl":{"start":{"line":141,"column":16},"end":{"line":141,"column":17}},"loc":{"start":{"line":141,"column":22},"end":{"line":141,"column":40}},"line":141},"13":{"name":"(anonymous_13)","decl":{"start":{"line":145,"column":16},"end":{"line":145,"column":17}},"loc":{"start":{"line":145,"column":22},"end":{"line":145,"column":42}},"line":145},"14":{"name":"(anonymous_14)","decl":{"start":{"line":149,"column":16},"end":{"line":149,"column":17}},"loc":{"start":{"line":149,"column":22},"end":{"line":149,"column":42}},"line":149},"15":{"name":"(anonymous_15)","decl":{"start":{"line":162,"column":12},"end":{"line":162,"column":13}},"loc":{"start":{"line":162,"column":23},"end":{"line":166,"column":9}},"line":162},"16":{"name":"(anonymous_16)","decl":{"start":{"line":176,"column":52},"end":{"line":176,"column":53}},"loc":{"start":{"line":176,"column":61},"end":{"line":182,"column":5}},"line":176},"17":{"name":"(anonymous_17)","decl":{"start":{"line":177,"column":36},"end":{"line":177,"column":37}},"loc":{"start":{"line":177,"column":42},"end":{"line":181,"column":7}},"line":177},"18":{"name":"(anonymous_18)","decl":{"start":{"line":184,"column":67},"end":{"line":184,"column":68}},"loc":{"start":{"line":184,"column":73},"end":{"line":186,"column":5}},"line":184},"19":{"name":"(anonymous_19)","decl":{"start":{"line":188,"column":73},"end":{"line":188,"column":74}},"loc":{"start":{"line":188,"column":79},"end":{"line":190,"column":5}},"line":188},"20":{"name":"(anonymous_20)","decl":{"start":{"line":196,"column":2},"end":{"line":196,"column":3}},"loc":{"start":{"line":196,"column":22},"end":{"line":212,"column":3}},"line":196},"21":{"name":"(anonymous_21)","decl":{"start":{"line":217,"column":2},"end":{"line":217,"column":3}},"loc":{"start":{"line":217,"column":24},"end":{"line":233,"column":3}},"line":217},"22":{"name":"(anonymous_22)","decl":{"start":{"line":238,"column":2},"end":{"line":238,"column":3}},"loc":{"start":{"line":238,"column":24},"end":{"line":250,"column":3}},"line":238},"23":{"name":"(anonymous_23)","decl":{"start":{"line":255,"column":2},"end":{"line":255,"column":3}},"loc":{"start":{"line":255,"column":49},"end":{"line":269,"column":3}},"line":255},"24":{"name":"(anonymous_24)","decl":{"start":{"line":261,"column":15},"end":{"line":261,"column":16}},"loc":{"start":{"line":261,"column":21},"end":{"line":263,"column":5}},"line":261},"25":{"name":"(anonymous_25)","decl":{"start":{"line":265,"column":15},"end":{"line":265,"column":16}},"loc":{"start":{"line":265,"column":21},"end":{"line":268,"column":5}},"line":265},"26":{"name":"(anonymous_26)","decl":{"start":{"line":267,"column":17},"end":{"line":267,"column":18}},"loc":{"start":{"line":267,"column":23},"end":{"line":267,"column":37}},"line":267},"27":{"name":"(anonymous_27)","decl":{"start":{"line":274,"column":2},"end":{"line":274,"column":3}},"loc":{"start":{"line":274,"column":11},"end":{"line":284,"column":3}},"line":274},"28":{"name":"(anonymous_28)","decl":{"start":{"line":289,"column":2},"end":{"line":289,"column":3}},"loc":{"start":{"line":289,"column":19},"end":{"line":292,"column":3}},"line":289}},"branchMap":{"0":{"loc":{"start":{"line":58,"column":4},"end":{"line":63,"column":5}},"type":"if","locations":[{"start":{"line":58,"column":4},"end":{"line":63,"column":5}},{"start":{},"end":{}}],"line":58},"1":{"loc":{"start":{"line":67,"column":4},"end":{"line":72,"column":5}},"type":"if","locations":[{"start":{"line":67,"column":4},"end":{"line":72,"column":5}},{"start":{},"end":{}}],"line":67},"2":{"loc":{"start":{"line":76,"column":4},"end":{"line":80,"column":5}},"type":"if","locations":[{"start":{"line":76,"column":4},"end":{"line":80,"column":5}},{"start":{},"end":{}}],"line":76},"3":{"loc":{"start":{"line":84,"column":4},"end":{"line":88,"column":5}},"type":"if","locations":[{"start":{"line":84,"column":4},"end":{"line":88,"column":5}},{"start":{},"end":{}}],"line":84},"4":{"loc":{"start":{"line":96,"column":4},"end":{"line":96,"column":24}},"type":"if","locations":[{"start":{"line":96,"column":4},"end":{"line":96,"column":24}},{"start":{},"end":{}}],"line":96},"5":{"loc":{"start":{"line":117,"column":4},"end":{"line":122,"column":5}},"type":"if","locations":[{"start":{"line":117,"column":4},"end":{"line":122,"column":5}},{"start":{},"end":{}}],"line":117},"6":{"loc":{"start":{"line":124,"column":4},"end":{"line":129,"column":5}},"type":"if","locations":[{"start":{"line":124,"column":4},"end":{"line":129,"column":5}},{"start":{},"end":{}}],"line":124},"7":{"loc":{"start":{"line":255,"column":31},"end":{"line":255,"column":47}},"type":"default-arg","locations":[{"start":{"line":255,"column":38},"end":{"line":255,"column":47}}],"line":255},"8":{"loc":{"start":{"line":278,"column":4},"end":{"line":280,"column":5}},"type":"if","locations":[{"start":{"line":278,"column":4},"end":{"line":280,"column":5}},{"start":{},"end":{}}],"line":278},"9":{"loc":{"start":{"line":281,"column":4},"end":{"line":283,"column":5}},"type":"if","locations":[{"start":{"line":281,"column":4},"end":{"line":283,"column":5}},{"start":{},"end":{}}],"line":281}},"s":{"0":0,"1":0,"2":0,"3":0,"4":0,"5":0,"6":0,"7":0,"8":0,"9":0,"10":0,"11":0,"12":0,"13":0,"14":0,"15":0,"16":0,"17":0,"18":0,"19":0,"20":0,"21":0,"22":0,"23":0,"24":0,"25":0,"26":0,"27":0,"28":0,"29":0,"30":0,"31":0,"32":0,"33":0,"34":0,"35":0,"36":0,"37":0,"38":0,"39":0,"40":0,"41":0,"42":0,"43":0,"44":0,"45":0,"46":0,"47":0,"48":0,"49":0,"50":0,"51":0,"52":0,"53":0,"54":0,"55":0,"56":0,"57":0,"58":0,"59":0,"60":0,"61":0,"62":0,"63":0,"64":0,"65":0,"66":0,"67":0,"68":0,"69":0,"70":0,"71":0,"72":0,"73":0,"74":0,"75":0,"76":0,"77":0,"78":0,"79":0,"80":0,"81":0,"82":0,"83":0,"84":0,"85":0,"86":0,"87":0,"88":0,"89":0,"90":0,"91":0,"92":0,"93":0,"94":0,"95":0,"96":0,"97":0,"98":0,"99":0,"100":0,"101":0,"102":0,"103":0},"f":{"0":0,"1":0,"2":0,"3":0,"4":0,"5":0,"6":0,"7":0,"8":0,"9":0,"10":0,"11":0,"12":0,"13":0,"14":0,"15":0,"16":0,"17":0,"18":0,"19":0,"20":0,"21":0,"22":0,"23":0,"24":0,"25":0,"26":0,"27":0,"28":0},"b":{"0":[0,0],"1":[0,0],"2":[0,0],"3":[0,0],"4":[0,0],"5":[0,0],"6":[0,0],"7":[0],"8":[0,0],"9":[0,0]},"inputSourceMap":null}
,"C:\\Users\\Abner\\Desktop\\Github\\27837_G1_ADS\\Biblioteca de Trabajo\\1. ELICITACIÓN\\1.0. Linea Base\\LBC\\SEGUNDA ITERACIÓN\\js\\controllers\\ControladorMedicamentos.js": {"path":"C:\\Users\\Abner\\Desktop\\Github\\27837_G1_ADS\\Biblioteca de Trabajo\\1. ELICITACIÓN\\1.0. Linea Base\\LBC\\SEGUNDA ITERACIÓN\\js\\controllers\\ControladorMedicamentos.js","statementMap":{"0":{"start":{"line":11,"column":4},"end":{"line":11,"column":59}},"1":{"start":{"line":12,"column":4},"end":{"line":12,"column":27}},"2":{"start":{"line":19,"column":4},"end":{"line":52,"column":5}},"3":{"start":{"line":21,"column":26},"end":{"line":21,"column":48}},"4":{"start":{"line":24,"column":25},"end":{"line":24,"column":46}},"5":{"start":{"line":25,"column":6},"end":{"line":30,"column":7}},"6":{"start":{"line":26,"column":8},"end":{"line":29,"column":10}},"7":{"start":{"line":33,"column":6},"end":{"line":33,"column":36}},"8":{"start":{"line":36,"column":6},"end":{"line":36,"column":70}},"9":{"start":{"line":39,"column":6},"end":{"line":39,"column":62}},"10":{"start":{"line":41,"column":6},"end":{"line":45,"column":8}},"11":{"start":{"line":47,"column":6},"end":{"line":47,"column":58}},"12":{"start":{"line":48,"column":6},"end":{"line":51,"column":8}},"13":{"start":{"line":59,"column":4},"end":{"line":72,"column":5}},"14":{"start":{"line":61,"column":8},"end":{"line":61,"column":66}},"15":{"start":{"line":62,"column":6},"end":{"line":65,"column":8}},"16":{"start":{"line":67,"column":6},"end":{"line":67,"column":61}},"17":{"start":{"line":68,"column":6},"end":{"line":71,"column":8}},"18":{"start":{"line":79,"column":4},"end":{"line":92,"column":5}},"19":{"start":{"line":81,"column":8},"end":{"line":81,"column":67}},"20":{"start":{"line":82,"column":6},"end":{"line":85,"column":8}},"21":{"start":{"line":87,"column":6},"end":{"line":87,"column":60}},"22":{"start":{"line":88,"column":6},"end":{"line":91,"column":8}},"23":{"start":{"line":99,"column":4},"end":{"line":142,"column":5}},"24":{"start":{"line":101,"column":24},"end":{"line":101,"column":51}},"25":{"start":{"line":102,"column":6},"end":{"line":107,"column":7}},"26":{"start":{"line":103,"column":8},"end":{"line":106,"column":10}},"27":{"start":{"line":110,"column":26},"end":{"line":110,"column":47}},"28":{"start":{"line":111,"column":6},"end":{"line":111,"column":40}},"29":{"start":{"line":114,"column":25},"end":{"line":114,"column":46}},"30":{"start":{"line":115,"column":6},"end":{"line":120,"column":7}},"31":{"start":{"line":116,"column":8},"end":{"line":119,"column":10}},"32":{"start":{"line":123,"column":6},"end":{"line":123,"column":36}},"33":{"start":{"line":126,"column":6},"end":{"line":126,"column":73}},"34":{"start":{"line":129,"column":6},"end":{"line":129,"column":67}},"35":{"start":{"line":131,"column":6},"end":{"line":135,"column":8}},"36":{"start":{"line":137,"column":6},"end":{"line":137,"column":63}},"37":{"start":{"line":138,"column":6},"end":{"line":141,"column":8}},"38":{"start":{"line":149,"column":4},"end":{"line":165,"column":5}},"39":{"start":{"line":150,"column":6},"end":{"line":150,"column":62}},"40":{"start":{"line":153,"column":6},"end":{"line":153,"column":60}},"41":{"start":{"line":155,"column":6},"end":{"line":158,"column":8}},"42":{"start":{"line":160,"column":6},"end":{"line":160,"column":61}},"43":{"start":{"line":161,"column":6},"end":{"line":164,"column":8}},"44":{"start":{"line":172,"column":4},"end":{"line":172,"column":37}},"45":{"start":{"line":179,"column":4},"end":{"line":181,"column":7}},"46":{"start":{"line":180,"column":6},"end":{"line":180,"column":31}}},"fnMap":{"0":{"name":"(anonymous_0)","decl":{"start":{"line":10,"column":2},"end":{"line":10,"column":3}},"loc":{"start":{"line":10,"column":16},"end":{"line":13,"column":3}},"line":10},"1":{"name":"(anonymous_1)","decl":{"start":{"line":18,"column":2},"end":{"line":18,"column":3}},"loc":{"start":{"line":18,"column":32},"end":{"line":53,"column":3}},"line":18},"2":{"name":"(anonymous_2)","decl":{"start":{"line":58,"column":2},"end":{"line":58,"column":3}},"loc":{"start":{"line":58,"column":23},"end":{"line":73,"column":3}},"line":58},"3":{"name":"(anonymous_3)","decl":{"start":{"line":78,"column":2},"end":{"line":78,"column":3}},"loc":{"start":{"line":78,"column":25},"end":{"line":93,"column":3}},"line":78},"4":{"name":"(anonymous_4)","decl":{"start":{"line":98,"column":2},"end":{"line":98,"column":3}},"loc":{"start":{"line":98,"column":41},"end":{"line":143,"column":3}},"line":98},"5":{"name":"(anonymous_5)","decl":{"start":{"line":148,"column":2},"end":{"line":148,"column":3}},"loc":{"start":{"line":148,"column":32},"end":{"line":166,"column":3}},"line":148},"6":{"name":"(anonymous_6)","decl":{"start":{"line":171,"column":2},"end":{"line":171,"column":3}},"loc":{"start":{"line":171,"column":22},"end":{"line":173,"column":3}},"line":171},"7":{"name":"(anonymous_7)","decl":{"start":{"line":178,"column":2},"end":{"line":178,"column":3}},"loc":{"start":{"line":178,"column":30},"end":{"line":182,"column":3}},"line":178},"8":{"name":"(anonymous_8)","decl":{"start":{"line":179,"column":30},"end":{"line":179,"column":31}},"loc":{"start":{"line":179,"column":44},"end":{"line":181,"column":5}},"line":179}},"branchMap":{"0":{"loc":{"start":{"line":25,"column":6},"end":{"line":30,"column":7}},"type":"if","locations":[{"start":{"line":25,"column":6},"end":{"line":30,"column":7}},{"start":{},"end":{}}],"line":25},"1":{"loc":{"start":{"line":102,"column":6},"end":{"line":107,"column":7}},"type":"if","locations":[{"start":{"line":102,"column":6},"end":{"line":107,"column":7}},{"start":{},"end":{}}],"line":102},"2":{"loc":{"start":{"line":102,"column":10},"end":{"line":102,"column":52}},"type":"binary-expr","locations":[{"start":{"line":102,"column":10},"end":{"line":102,"column":26}},{"start":{"line":102,"column":30},"end":{"line":102,"column":52}}],"line":102},"3":{"loc":{"start":{"line":115,"column":6},"end":{"line":120,"column":7}},"type":"if","locations":[{"start":{"line":115,"column":6},"end":{"line":120,"column":7}},{"start":{},"end":{}}],"line":115}},"s":{"0":0,"1":0,"2":0,"3":0,"4":0,"5":0,"6":0,"7":0,"8":0,"9":0,"10":0,"11":0,"12":0,"13":0,"14":0,"15":0,"16":0,"17":0,"18":0,"19":0,"20":0,"21":0,"22":0,"23":0,"24":0,"25":0,"26":0,"27":0,"28":0,"29":0,"30":0,"31":0,"32":0,"33":0,"34":0,"35":0,"36":0,"37":0,"38":0,"39":0,"40":0,"41":0,"42":0,"43":0,"44":0,"45":0,"46":0},"f":{"0":0,"1":0,"2":0,"3":0,"4":0,"5":0,"6":0,"7":0,"8":0},"b":{"0":[0,0],"1":[0,0],"2":[0,0],"3":[0,0]},"inputSourceMap":null}
[...]
},"end":{"line":206,"column":3}},"line":197},"13":{"name":"(anonymous_13)","decl":{"start":{"line":211,"column":2},"end":{"line":211,"column":3}},"loc":{"start":{"line":211,"column":24},"end":{"line":220,"column":3}},"line":211}},"branchMap":{"0":{"loc":{"start":{"line":7,"column":14},"end":{"line":7,"column":44}},"type":"default-arg","locations":[{"start":{"line":7,"column":29},"end":{"line":7,"column":44}}],"line":7},"1":{"loc":{"start":{"line":9,"column":4},"end":{"line":15,"column":5}},"type":"if","locations":[{"start":{"line":9,"column":4},"end":{"line":15,"column":5}},{"start":{"line":13,"column":11},"end":{"line":15,"column":5}}],"line":9},"2":{"loc":{"start":{"line":11,"column":8},"end":{"line":12,"column":50}},"type":"binary-expr","locations":[{"start":{"line":11,"column":8},"end":{"line":11,"column":50}},{"start":{"line":12,"column":8},"end":{"line":12,"column":50}}],"line":11},"3":{"loc":{"start":{"line":27,"column":4},"end":{"line":30,"column":5}},"type":"if","locations":[{"start":{"line":27,"column":4},"end":{"line":30,"column":5}},{"start":{},"end":{}}],"line":27},"4":{"loc":{"start":{"line":35,"column":4},"end":{"line":38,"column":5}},"type":"if","locations":[{"start":{"line":35,"column":4},"end":{"line":38,"column":5}},{"start":{},"end":{}}],"line":35},"5":{"loc":{"start":{"line":59,"column":4},"end":{"line":64,"column":5}},"type":"if","locations":[{"start":{"line":59,"column":4},"end":{"line":64,"column":5}},{"start":{},"end":{}}],"line":59},"6":{"loc":{"start":{"line":70,"column":4},"end":{"line":76,"column":5}},"type":"if","locations":[{"start":{"line":70,"column":4},"end":{"line":76,"column":5}},{"start":{"line":73,"column":11},"end":{"line":76,"column":5}}],"line":70},"7":{"loc":{"start":{"line":73,"column":11},"end":{"line":76,"column":5}},"type":"if","locations":[{"start":{"line":73,"column":11},"end":{"line":76,"column":5}},{"start":{},"end":{}}],"line":73},"8":{"loc":{"start":{"line":79,"column":6},"end":{"line":83,"column":14}},"type":"cond-expr","locations":[{"start":{"line":80,"column":10},"end":{"line":80,"column":32}},{"start":{"line":81,"column":10},"end":{"line":83,"column":14}}],"line":79},"9":{"loc":{"start":{"line":81,"column":10},"end":{"line":83,"column":14}},"type":"cond-expr","locations":[{"start":{"line":82,"column":12},"end":{"line":82,"column":37}},{"start":{"line":83,"column":12},"end":{"line":83,"column":14}}],"line":81},"10":{"loc":{"start":{"line":86,"column":4},"end":{"line":90,"column":5}},"type":"if","locations":[{"start":{"line":86,"column":4},"end":{"line":90,"column":5}},{"start":{"line":88,"column":11},"end":{"line":90,"column":5}}],"line":86},"11":{"loc":{"start":{"line":88,"column":11},"end":{"line":90,"column":5}},"type":"if","locations":[{"start":{"line":88,"column":11},"end":{"line":90,"column":5}},{"start":{},"end":{}}],"line":88},"12":{"loc":{"start":{"line":123,"column":4},"end":{"line":130,"column":5}},"type":"if","locations":[{"start":{"line":123,"column":4},"end":{"line":130,"column":5}},{"start":{},"end":{}}],"line":123},"13":{"loc":{"start":{"line":126,"column":8},"end":{"line":128,"column":9}},"type":"if","locations":[{"start":{"line":126,"column":8},"end":{"line":128,"column":9}},{"start":{},"end":{}}],"line":126},"14":{"loc":{"start":{"line":132,"column":4},"end":{"line":141,"column":5}},"type":"if","locations":[{"start":{"line":132,"column":4},"end":{"line":141,"column":5}},{"start":{},"end":{}}],"line":132},"15":{"loc":{"start":{"line":135,"column":8},"end":{"line":139,"column":9}},"type":"if","locations":[{"start":{"line":135,"column":8},"end":{"line":139,"column":9}},{"start":{},"end":{}}],"line":135},"16":{"loc":{"start":{"line":136,"column":10},"end":{"line":138,"column":11}},"type":"if","locations":[{"start":{"line":136,"column":10},"end":{"line":138,"column":11}},{"start":{},"end":{}}],"line":136},"17":{"loc":{"start":{"line":145,"column":6},"end":{"line":147,"column":7}},"type":"if","locations":[{"start":{"line":145,"column":6},"end":{"line":147,"column":7}},{"start":{},"end":{}}],"line":145},"18":{"loc":{"start":{"line":198,"column":4},"end":{"line":205,"column":5}},"type":"if","locations":[{"start":{"line":198,"column":4},"end":{"line":205,"column":5}},{"start":{},"end":{}}],"line":198},"19":{"loc":{"start":{"line":212,"column":4},"end":{"line":219,"column":5}},"type":"if","locations":[{"start":{"line":212,"column":4},"end":{"line":219,"column":5}},{"start":{},"end":{}}],"line":212}},"s":{"0":12,"1":0,"2":12,"3":12,"4":11,"5":0,"6":0,"7":11,"8":11,"9":2,"10":2,"11":9,"12":12,"13":12,"14":12,"15":12,"16":12,"17":12,"18":12,"19":12,"20":0,"21":0,"22":0,"23":0,"24":12,"25":12,"26":0,"27":12,"28":0,"29":12,"30":12,"31":12,"32":0,"33":12,"34":0,"35":12,"36":12,"37":12,"38":12,"39":12,"40":0,"41":0,"42":0,"43":12,"44":12,"45":0,"46":0,"47":0,"48":0,"49":12,"50":0,"51":0,"52":12,"53":2,"54":1,"55":1,"56":0,"57":12,"58":12,"59":12,"60":0,"61":0,"62":0,"63":0},"f":{"0":12,"1":11,"2":12,"3":12,"4":0,"5":0,"6":0,"7":2,"8":1,"9":1,"10":0,"11":12,"12":0,"13":0},"b":{"0":[0],"1":[0,12],"2":[0,0],"3":[0,11],"4":[2,9],"5":[0,12],"6":[0,12],"7":[0,12],"8":[0,12],"9":[0,12],"10":[0,12],"11":[0,12],"12":[12,0],"13":[0,0],"14":[12,0],"15":[0,0],"16":[0,0],"17":[0,0],"18":[0,0],"19":[0,0]},"inputSourceMap":null,"_coverageSchema":"1a1c01bbd47fc00a2c39e90264f33305004495a9","hash":"ecc6eaebd2ec06cf07eb1b7c7120915f25a8c238"}
,"C:\\Users\\Abner\\Desktop\\Github\\27837_G1_ADS\\Biblioteca de Trabajo\\1. ELICITACIÓN\\1.0. Linea Base\\LBC\\SEGUNDA ITERACIÓN\\js\\views\\VistaSintomas.js": {"path":"C:\\Users\\Abner\\Desktop\\Github\\27837_G1_ADS\\Biblioteca de Trabajo\\1. ELICITACIÓN\\1.0. Linea Base\\LBC\\SEGUNDA ITERACIÓN\\js\\views\\VistaSintomas.js","statementMap":{"0":{"start":{"line":10,"column":4},"end":{"line":16,"column":5}},"1":{"start":{"line":11,"column":6},"end":{"line":13,"column":50}},"2":{"start":{"line":15,"column":6},"end":{"line":15,"column":35}},"3":{"start":{"line":23,"column":4},"end":{"line":26,"column":5}},"4":{"start":{"line":24,"column":6},"end":{"line":24,"column":60}},"5":{"start":{"line":25,"column":6},"end":{"line":25,"column":13}},"6":{"start":{"line":29,"column":4},"end":{"line":29,"column":34}},"7":{"start":{"line":31,"column":4},"end":{"line":34,"column":5}},"8":{"start":{"line":32,"column":6},"end":{"line":32,"column":33}},"9":{"start":{"line":33,"column":6},"end":{"line":33,"column":13}},"10":{"start":{"line":37,"column":35},"end":{"line":37,"column":71}},"11":{"start":{"line":40,"column":4},"end":{"line":47,"column":7}},"12":{"start":{"line":41,"column":20},"end":{"line":45,"column":7}},"13":{"start":{"line":46,"column":6},"end":{"line":46,"column":40}},"14":{"start":{"line":54,"column":19},"end":{"line":54,"column":21}},"15":{"start":{"line":56,"column":4},"end":{"line":63,"column":7}},"16":{"start":{"line":57,"column":17},"end":{"line":57,"column":59}},"17":{"start":{"line":59,"column":6},"end":{"line":61,"column":7}},"18":{"start":{"line":60,"column":8},"end":{"line":60,"column":24}},"19":{"start":{"line":62,"column":6},"end":{"line":62,"column":31}},"20":{"start":{"line":65,"column":4},"end":{"line":65,"column":18}},"21":{"start":{"line":72,"column":18},"end":{"line":72,"column":47}},"22":{"start":{"line":73,"column":4},"end":{"line":73,"column":39}},"23":{"start":{"line":75,"column":24},"end":{"line":75,"column":71}},"24":{"start":{"line":75,"column":49},"end":{"line":75,"column":70}},"25":{"start":{"line":76,"column":20},"end":{"line":76,"column":22}},"26":{"start":{"line":78,"column":4},"end":{"line":95,"column":5}},"27":{"start":{"line":80,"column":22},"end":{"line":80,"column":24}},"28":{"start":{"line":81,"column":6},"end":{"line":90,"column":7}},"29":{"start":{"line":82,"column":8},"end":{"line":83,"column":83}},"30":{"start":{"line":84,"column":13},"end":{"line":90,"column":7}},"31":{"start":{"line":85,"column":8},"end":{"line":86,"column":79}},"32":{"start":{"line":88,"column":8},"end":{"line":89,"column":78}},"33":{"start":{"line":91,"column":6},"end":{"line":91,"column":55}},"34":{"start":{"line":93,"column":6},"end":{"line":94,"column":71}},"35":{"start":{"line":97,"column":19},"end":{"line":97,"column":47}},"36":{"start":{"line":98,"column":4},"end":{"line":98,"column":46}},"37":{"start":{"line":99,"column":4},"end":{"line":99,"column":33}},"38":{"start":{"line":100,"column":4},"end":{"line":100,"column":30}},"39":{"start":{"line":102,"column":4},"end":{"line":107,"column":9}},"40":{"start":{"line":103,"column":22},"end":{"line":103,"column":59}},"41":{"start":{"line":105,"column":21},"end":{"line":105,"column":51}},"42":{"start":{"line":106,"column":8},"end":{"line":106,"column":32}},"43":{"start":{"line":109,"column":4},"end":{"line":109,"column":17}},"44":{"start":{"line":116,"column":17},"end":{"line":116,"column":46}},"45":{"start":{"line":117,"column":4},"end":{"line":117,"column":76}},"46":{"start":{"line":118,"column":4},"end":{"line":118,"column":40}},"47":{"start":{"line":120,"column":18},"end":{"line":124,"column":6}},"48":{"start":{"line":126,"column":17},"end":{"line":129,"column":6}},"49":{"start":{"line":131,"column":29},"end":{"line":135,"column":5}},"50":{"start":{"line":137,"column":29},"end":{"line":141,"column":5}},"51":{"start":{"line":144,"column":28},"end":{"line":151,"column":5}},"52":{"start":{"line":154,"column":6},"end":{"line":154,"column":61}},"53":{"start":{"line":156,"column":4},"end":{"line":182,"column":6}},"54":{"start":{"line":184,"column":4},"end":{"line":184,"column":16}},"55":{"start":{"line":191,"column":20},"end":{"line":198,"column":5}},"56":{"start":{"line":199,"column":4},"end":{"line":199,"column":43}},"57":{"start":{"line":206,"column":4},"end":{"line":213,"column":6}},"58":{"start":{"line":220,"column":4},"end":{"line":222,"column":5}},"59":{"start":{"line":221,"column":6},"end":{"line":221,"column":22}},"60":{"start":{"line":223,"column":4},"end":{"line":223,"column":68}},"61":{"start":{"line":223,"column":34},"end":{"line":223,"column":66}},"62":{"start":{"line":230,"column":4},"end":{"line":232,"column":5}},"63":{"start":{"line":231,"column":6},"end":{"line":231,"column":22}},"64":{"start":{"line":233,"column":4},"end":{"line":233,"column":63}},"65":{"start":{"line":233,"column":34},"end":{"line":233,"column":61}},"66":{"start":{"line":240,"column":4},"end":{"line":242,"column":5}},"67":{"start":{"line":241,"column":6},"end":{"line":241,"column":22}},"68":{"start":{"line":243,"column":4},"end":{"line":243,"column":61}},"69":{"start":{"line":243,"column":34},"end":{"line":243,"column":59}},"70":{"start":{"line":250,"column":4},"end":{"line":252,"column":5}},"71":{"start":{"line":251,"column":6},"end":{"line":251,"column":36}}},"fnMap":{"0":{"name":"(anonymous_0)","decl":{"start":{"line":8,"column":2},"end":{"line":8,"column":3}},"loc":{"start":{"line":8,"column":27},"end":{"line":17,"column":3}},"line":8},"1":{"name":"(anonymous_1)","decl":{"start":{"line":22,"column":2},"end":{"line":22,"column":3}},"loc":{"start":{"line":22,"column":42},"end":{"line":48,"column":3}},"line":22},"2":{"name":"(anonymous_2)","decl":{"start":{"line":40,"column":48},"end":{"line":40,"column":49}},"loc":{"start":{"line":40,"column":67},"end":{"line":47,"column":5}},"line":40},"3":{"name":"(anonymous_3)","decl":{"start":{"line":53,"column":2},"end":{"line":53,"column":3}},"loc":{"start":{"line":53,"column":34},"end":{"line":66,"column":3}},"line":53},"4":{"name":"(anonymous_4)","decl":{"start":{"line":56,"column":21},"end":{"line":56,"column":22}},"loc":{"start":{"line":56,"column":34},"end":{"line":63,"column":5}},"line":56},"5":{"name":"(anonymous_5)","decl":{"start":{"line":71,"column":2},"end":{"line":71,"column":3}},"loc":{"start":{"line":71,"column":63},"end":{"line":110,"column":3}},"line":71},"6":{"name":"(anonymous_6)","decl":{"start":{"line":75,"column":42},"end":{"line":75,"column":43}},"loc":{"start":{"line":75,"column":49},"end":{"line":75,"column":70}},"line":75},"7":{"name":"(anonymous_7)","decl":{"start":{"line":103,"column":12},"end":{"line":103,"column":13}},"loc":{"start":{"line":103,"column":22},"end":{"line":103,"column":59}},"line":103},"8":{"name":"(anonymous_8)","decl":{"start":{"line":104,"column":15},"end":{"line":104,"column":16}},"loc":{"start":{"line":104,"column":28},"end":{"line":107,"column":7}},"line":104},"9":{"name":"(anonymous_9)","decl":{"start":{"line":115,"column":2},"end":{"line":115,"column":3}},"loc":{"start":{"line":115,"column":28},"end":{"line":185,"column":3}},"line":115},"10":{"name":"(anonymous_10)","decl":{"start":{"line":190,"column":2},"end":{"line":190,"column":3}},"loc":{"start":{"line":190,"column":36},"end":{"line":200,"column":3}},"line":190},"11":{"name":"(anonymous_11)","decl":{"start":{"line":205,"column":2},"end":{"line":205,"column":3}},"loc":{"start":{"line":205,"column":24},"end":{"line":214,"column":3}},"line":205},"12":{"name":"(anonymous_12)","decl":{"start":{"line":219,"column":2},"end":{"line":219,"column":3}},"loc":{"start":{"line":219,"column":49},"end":{"line":224,"column":3}},"line":219},"13":{"name":"(anonymous_13)","decl":{"start":{"line":223,"column":27},"end":{"line":223,"column":28}},"loc":{"start":{"line":223,"column":34},"end":{"line":223,"column":66}},"line":223},"14":{"name":"(anonymous_14)","decl":{"start":{"line":229,"column":2},"end":{"line":229,"column":3}},"loc":{"start":{"line":229,"column":45},"end":{"line":234,"column":3}},"line":229},"15":{"name":"(anonymous_15)","decl":{"start":{"line":233,"column":27},"end":{"line":233,"column":28}},"loc":{"start":{"line":233,"column":34},"end":{"line":233,"column":61}},"line":233},"16":{"name":"(anonymous_16)","decl":{"start":{"line":239,"column":2},"end":{"line":239,"column":3}},"loc":{"start":{"line":239,"column":43},"end":{"line":244,"column":3}},"line":239},"17":{"name":"(anonymous_17)","decl":{"start":{"line":243,"column":27},"end":{"line":243,"column":28}},"loc":{"start":{"line":243,"column":34},"end":{"line":243,"column":59}},"line":243},"18":{"name":"(anonymous_18)","decl":{"start":{"line":249,"column":2},"end":{"line":249,"column":3}},"loc":{"start":{"line":249,"column":12},"end":{"line":253,"column":3}},"line":249}},"branchMap":{"0":{"loc":{"start":{"line":10,"column":4},"end":{"line":16,"column":5}},"type":"if","locations":[{"start":{"line":10,"column":4},"end":{"line":16,"column":5}},{"start":{"line":14,"column":11},"end":{"line":16,"column":5}}],"line":10},"1":{"loc":{"start":{"line":12,"column":8},"end":{"line":13,"column":49}},"type":"binary-expr","locations":[{"start":{"line":12,"column":8},"end":{"line":12,"column":49}},{"start":{"line":13,"column":8},"end":{"line":13,"column":49}}],"line":12},"2":{"loc":{"start":{"line":22,"column":23},"end":{"line":22,"column":40}},"type":"default-arg","locations":[{"start":{"line":22,"column":38},"end":{"line":22,"column":40}}],"line":22},"3":{"loc":{"start":{"line":23,"column":4},"end":{"line":26,"column":5}},"type":"if","locations":[{"start":{"line":23,"column":4},"end":{"line":26,"column":5}},{"start":{},"end":{}}],"line":23},"4":{"loc":{"start":{"line":31,"column":4},"end":{"line":34,"column":5}},"type":"if","locations":[{"start":{"line":31,"column":4},"end":{"line":34,"column":5}},{"start":{},"end":{}}],"line":31},"5":{"loc":{"start":{"line":57,"column":17},"end":{"line":57,"column":59}},"type":"binary-expr","locations":[{"start":{"line":57,"column":17},"end":{"line":57,"column":38}},{"start":{"line":57,"column":42},"end":{"line":57,"column":59}}],"line":57},"6":{"loc":{"start":{"line":59,"column":6},"end":{"line":61,"column":7}},"type":"if","locations":[{"start":{"line":59,"column":6},"end":{"line":61,"column":7}},{"start":{},"end":{}}],"line":59},"7":{"loc":{"start":{"line":78,"column":4},"end":{"line":95,"column":5}},"type":"if","locations":[{"start":{"line":78,"column":4},"end":{"line":95,"column":5}},{"start":{"line":92,"column":11},"end":{"line":95,"column":5}}],"line":78},"8":{"loc":{"start":{"line":81,"column":6},"end":{"line":90,"column":7}},"type":"if","locations":[{"start":{"line":81,"column":6},"end":{"line":90,"column":7}},{"start":{"line":84,"column":13},"end":{"line":90,"column":7}}],"line":81},"9":{"loc":{"start":{"line":84,"column":13},"end":{"line":90,"column":7}},"type":"if","locations":[{"start":{"line":84,"column":13},"end":{"line":90,"column":7}},{"start":{"line":87,"column":13},"end":{"line":90,"column":7}}],"line":84},"10":{"loc":{"start":{"line":94,"column":8},"end":{"line":94,"column":70}},"type":"binary-expr","locations":[{"start":{"line":94,"column":8},"end":{"line":94,"column":37}},{"start":{"line":94,"column":41},"end":{"line":94,"column":70}}],"line":94},"11":{"loc":{"start":{"line":154,"column":6},"end":{"line":154,"column":61}},"type":"binary-expr","locations":[{"start":{"line":154,"column":6},"end":{"line":154,"column":40}},{"start":{"line":154,"column":44},"end":{"line":154,"column":61}}],"line":154},"12":{"loc":{"start":{"line":172,"column":10},"end":{"line":174,"column":16}},"type":"cond-expr","locations":[{"start":{"line":173,"column":14},"end":{"line":173,"column":70}},{"start":{"line":174,"column":14},"end":{"line":174,"column":16}}],"line":172},"13":{"loc":{"start":{"line":199,"column":11},"end":{"line":199,"column":42}},"type":"binary-expr","locations":[{"start":{"line":199,"column":11},"end":{"line":199,"column":29}},{"start":{"line":199,"column":33},"end":{"line":199,"column":42}}],"line":199},"14":{"loc":{"start":{"line":220,"column":4},"end":{"line":222,"column":5}},"type":"if","locations":[{"start":{"line":220,"column":4},"end":{"line":222,"column":5}},{"start":{},"end":{}}],"line":220},"15":{"loc":{"start":{"line":220,"column":8},"end":{"line":220,"column":46}},"type":"binary-expr","locations":[{"start":{"line":220,"column":8},"end":{"line":220,"column":22}},{"start":{"line":220,"column":26},"end":{"line":220,"column":46}}],"line":220},"16":{"loc":{"start":{"line":230,"column":4},"end":{"line":232,"column":5}},"type":"if","locations":[{"start":{"line":230,"column":4},"end":{"line":232,"column":5}},{"start":{},"end":{}}],"line":230},"17":{"loc":{"start":{"line":230,"column":8},"end":{"line":230,"column":40}},"type":"binary-expr","locations":[{"start":{"line":230,"column":8},"end":{"line":230,"column":19}},{"start":{"line":230,"column":23},"end":{"line":230,"column":40}}],"line":230},"18":{"loc":{"start":{"line":240,"column":4},"end":{"line":242,"column":5}},"type":"if","locations":[{"start":{"line":240,"column":4},"end":{"line":242,"column":5}},{"start":{},"end":{}}],"line":240},"19":{"loc":{"start":{"line":240,"column":8},"end":{"line":240,"column":38}},"type":"binary-expr","locations":[{"start":{"line":240,"column":8},"end":{"line":240,"column":18}},{"start":{"line":240,"column":22},"end":{"line":240,"column":38}}],"line":240},"20":{"loc":{"start":{"line":250,"column":4},"end":{"line":252,"column":5}},"type":"if","locations":[{"start":{"line":250,"column":4},"end":{"line":252,"column":5}},{"start":{},"end":{}}],"line":250}},"s":{"0":14,"1":0,"2":14,"3":15,"4":0,"5":0,"6":15,"7":15,"8":2,"9":2,"10":13,"11":13,"12":15,"13":15,"14":13,"15":13,"16":22,"17":22,"18":15,"19":22,"20":13,"21":15,"22":15,"23":15,"24":0,"25":15,"26":15,"27":0,"28":0,"29":0,"30":0,"31":0,"32":0,"33":0,"34":15,"35":15,"36":15,"37":15,"38":15,"39":15,"40":7,"41":22,"42":22,"43":15,"44":22,"45":22,"46":22,"47":22,"48":22,"49":22,"50":22,"51":22,"52":22,"53":22,"54":22,"55":22,"56":22,"57":2,"58":0,"59":0,"60":0,"61":0,"62":0,"63":0,"64":0,"65":0,"66":0,"67":0,"68":0,"69":0,"70":0,"71":0},"f":{"0":14,"1":15,"2":15,"3":13,"4":22,"5":15,"6":0,"7":7,"8":22,"9":22,"10":22,"11":2,"12":0,"13":0,"14":0,"15":0,"16":0,"17":0,"18":0},"b":{"0":[0,14],"1":[0,0],"2":[15],"3":[0,15],"4":[2,13],"5":[22,0],"6":[15,7],"7":[0,15],"8":[0,0],"9":[0,0],"10":[15,12],"11":[22,0],"12":[0,22],"13":[22,0],"14":[0,0],"15":[0,0],"16":[0,0],"17":[0,0],"18":[0,0],"19":[0,0],"20":[0,0]},"inputSourceMap":null,"_coverageSchema":"1a1c01bbd47fc00a2c39e90264f33305004495a9","hash":"77facacdb02b8662333574d6cdc66cd5d39f2039"}
}
