TN:
SF:js\controllers\ControladorAlertas.js
FN:14,(anonymous_0)
FN:43,(anonymous_1)
FN:52,(anonymous_2)
FN:61,(anonymous_3)
FN:113,(anonymous_4)
FN:166,(anonymous_5)
FN:218,(anonymous_6)
FN:241,(anonymous_7)
FN:257,(anonymous_8)
FN:266,(anonymous_9)
FN:276,(anonymous_10)
FNF:11
FNH:0
FNDA:0,(anonymous_0)
FNDA:0,(anonymous_1)
FNDA:0,(anonymous_2)
FNDA:0,(anonymous_3)
FNDA:0,(anonymous_4)
FNDA:0,(anonymous_5)
FNDA:0,(anonymous_6)
FNDA:0,(anonymous_7)
FNDA:0,(anonymous_8)
FNDA:0,(anonymous_9)
FNDA:0,(anonymous_10)
DA:15,0
DA:17,0
DA:18,0
DA:20,0
DA:21,0
DA:23,0
DA:24,0
DA:26,0
DA:27,0
DA:30,0
DA:31,0
DA:34,0
DA:35,0
DA:36,0
DA:37,0
DA:44,0
DA:45,0
DA:46,0
DA:53,0
DA:54,0
DA:62,0
DA:64,0
DA:65,0
DA:66,0
DA:71,0
DA:76,0
DA:79,0
DA:91,0
DA:94,0
DA:96,0
DA:101,0
DA:102,0
DA:114,0
DA:116,0
DA:117,0
DA:118,0
DA:123,0
DA:128,0
DA:131,0
DA:144,0
DA:147,0
DA:149,0
DA:154,0
DA:155,0
DA:167,0
DA:169,0
DA:170,0
DA:171,0
DA:176,0
DA:181,0
DA:184,0
DA:197,0
DA:200,0
DA:202,0
DA:207,0
DA:208,0
DA:219,0
DA:220,0
DA:223,0
DA:225,0
DA:230,0
DA:231,0
DA:242,0
DA:243,0
DA:244,0
DA:245,0
DA:246,0
DA:249,0
DA:258,0
DA:259,0
DA:266,0
DA:267,0
DA:268,0
DA:277,0
LF:74
LH:0
BRDA:65,0,0,0
BRDA:65,0,1,0
BRDA:82,1,0,0
BRDA:82,1,1,0
BRDA:87,2,0,0
BRDA:87,2,1,0
BRDA:88,3,0,0
BRDA:88,3,1,0
BRDA:113,4,0,0
BRDA:117,5,0,0
BRDA:117,5,1,0
BRDA:134,6,0,0
BRDA:134,6,1,0
BRDA:140,7,0,0
BRDA:140,7,1,0
BRDA:141,8,0,0
BRDA:141,8,1,0
BRDA:170,9,0,0
BRDA:170,9,1,0
BRDA:187,10,0,0
BRDA:187,10,1,0
BRDA:193,11,0,0
BRDA:193,11,1,0
BRDA:194,12,0,0
BRDA:194,12,1,0
BRDA:218,13,0,0
BRDA:242,14,0,0
BRDA:242,14,1,0
BRDA:242,15,0,0
BRDA:242,15,1,0
BRDA:245,16,0,0
BRDA:245,16,1,0
BRDA:258,17,0,0
BRDA:258,17,1,0
BRDA:258,18,0,0
BRDA:258,18,1,0
BRF:36
BRH:0
end_of_record
TN:
SF:js\controllers\ControladorDetalle.js
FN:8,(anonymous_0)
FN:16,(anonymous_1)
FN:43,(anonymous_2)
FN:53,(anonymous_3)
FN:129,(anonymous_4)
FN:135,(anonymous_5)
FN:139,(anonymous_6)
FN:149,(anonymous_7)
FN:182,(anonymous_8)
FN:197,(anonymous_9)
FN:201,(anonymous_10)
FN:258,(anonymous_11)
FN:273,(anonymous_12)
FN:277,(anonymous_13)
FN:324,(anonymous_14)
FN:332,(anonymous_15)
FN:343,(anonymous_16)
FN:354,(anonymous_17)
FN:365,(anonymous_18)
FN:374,(anonymous_19)
FN:389,(anonymous_20)
FN:405,(anonymous_21)
FN:426,(anonymous_22)
FN:438,(anonymous_23)
FN:454,(anonymous_24)
FNF:25
FNH:0
FNDA:0,(anonymous_0)
FNDA:0,(anonymous_1)
FNDA:0,(anonymous_2)
FNDA:0,(anonymous_3)
FNDA:0,(anonymous_4)
FNDA:0,(anonymous_5)
FNDA:0,(anonymous_6)
FNDA:0,(anonymous_7)
FNDA:0,(anonymous_8)
FNDA:0,(anonymous_9)
FNDA:0,(anonymous_10)
FNDA:0,(anonymous_11)
FNDA:0,(anonymous_12)
FNDA:0,(anonymous_13)
FNDA:0,(anonymous_14)
FNDA:0,(anonymous_15)
FNDA:0,(anonymous_16)
FNDA:0,(anonymous_17)
FNDA:0,(anonymous_18)
FNDA:0,(anonymous_19)
FNDA:0,(anonymous_20)
FNDA:0,(anonymous_21)
FNDA:0,(anonymous_22)
FNDA:0,(anonymous_23)
FNDA:0,(anonymous_24)
DA:9,0
DA:10,0
DA:17,0
DA:18,0
DA:21,0
DA:24,0
DA:25,0
DA:26,0
DA:27,0
DA:30,0
DA:33,0
DA:35,0
DA:36,0
DA:45,0
DA:54,0
DA:57,0
DA:59,0
DA:60,0
DA:61,0
DA:63,0
DA:64,0
DA:66,0
DA:67,0
DA:68,0
DA:69,0
DA:71,0
DA:72,0
DA:75,0
DA:82,0
DA:85,0
DA:90,0
DA:93,0
DA:97,0
DA:101,0
DA:103,0
DA:107,0
DA:108,0
DA:116,0
DA:117,0
DA:118,0
DA:119,0
DA:120,0
DA:122,0
DA:130,0
DA:131,0
DA:133,0
DA:134,0
DA:136,0
DA:137,0
DA:139,0
DA:142,0
DA:143,0
DA:145,0
DA:148,0
DA:150,0
DA:151,0
DA:156,0
DA:161,0
DA:183,0
DA:185,0
DA:186,0
DA:190,0
DA:191,0
DA:193,0
DA:196,0
DA:197,0
DA:200,0
DA:202,0
DA:203,0
DA:207,0
DA:212,0
DA:226,0
DA:232,0
DA:249,0
DA:250,0
DA:259,0
DA:261,0
DA:262,0
DA:266,0
DA:267,0
DA:269,0
DA:272,0
DA:273,0
DA:276,0
DA:278,0
DA:279,0
DA:284,0
DA:290,0
DA:315,0
DA:316,0
DA:326,0
DA:327,0
DA:329,0
DA:330,0
DA:332,0
DA:333,0
DA:338,0
DA:339,0
DA:340,0
DA:341,0
DA:343,0
DA:344,0
DA:349,0
DA:350,0
DA:351,0
DA:352,0
DA:354,0
DA:355,0
DA:360,0
DA:361,0
DA:362,0
DA:363,0
DA:365,0
DA:366,0
DA:375,0
DA:376,0
DA:378,0
DA:379,0
DA:381,0
DA:382,0
DA:391,0
DA:392,0
DA:393,0
DA:397,0
DA:398,0
DA:406,0
DA:409,0
DA:412,0
DA:413,0
DA:414,0
DA:415,0
DA:418,0
DA:419,0
DA:427,0
DA:429,0
DA:430,0
DA:431,0
DA:435,0
DA:438,0
DA:439,0
DA:440,0
DA:441,0
DA:444,0
DA:445,0
DA:455,0
DA:456,0
DA:458,0
DA:459,0
DA:461,0
DA:462,0
LF:150
LH:0
BRDA:63,0,0,0
BRDA:63,0,1,0
BRDA:68,1,0,0
BRDA:68,1,1,0
BRDA:91,2,0,0
BRDA:91,2,1,0
BRDA:118,3,0,0
BRDA:118,3,1,0
BRDA:118,4,0,0
BRDA:118,4,1,0
BRDA:133,5,0,0
BRDA:133,5,1,0
BRDA:137,6,0,0
BRDA:137,6,1,0
BRDA:137,6,2,0
BRDA:142,7,0,0
BRDA:142,7,1,0
BRDA:190,8,0,0
BRDA:190,8,1,0
BRDA:239,9,0,0
BRDA:239,9,1,0
BRDA:266,10,0,0
BRDA:266,10,1,0
BRDA:327,11,0,0
BRDA:327,11,1,0
BRDA:339,12,0,0
BRDA:339,12,1,0
BRDA:350,13,0,0
BRDA:350,13,1,0
BRDA:361,14,0,0
BRDA:361,14,1,0
BRDA:378,15,0,0
BRDA:378,15,1,0
BRDA:381,16,0,0
BRDA:381,16,1,0
BRDA:392,17,0,0
BRDA:392,17,1,0
BRDA:397,18,0,0
BRDA:397,18,1,0
BRDA:406,19,0,0
BRDA:406,19,1,0
BRDA:413,20,0,0
BRDA:413,20,1,0
BRDA:427,21,0,0
BRDA:427,21,1,0
BRDA:427,22,0,0
BRDA:427,22,1,0
BRDA:430,23,0,0
BRDA:430,23,1,0
BRDA:440,24,0,0
BRDA:440,24,1,0
BRDA:440,25,0,0
BRDA:440,25,1,0
BRDA:458,26,0,0
BRDA:458,26,1,0
BRDA:461,27,0,0
BRDA:461,27,1,0
BRF:57
BRH:0
end_of_record
TN:
SF:js\controllers\ControladorFormulario.js
FN:7,(anonymous_0)
FN:18,(anonymous_1)
FN:26,(anonymous_2)
FN:32,(anonymous_3)
FN:36,(anonymous_4)
FN:45,(anonymous_5)
FN:62,(anonymous_6)
FN:118,(anonymous_7)
FN:134,(anonymous_8)
FN:144,(anonymous_9)
FN:155,(anonymous_10)
FN:172,(anonymous_11)
FN:197,(anonymous_12)
FN:210,(anonymous_13)
FN:231,(anonymous_14)
FN:238,(anonymous_15)
FN:245,(anonymous_16)
FN:252,(anonymous_17)
FNF:18
FNH:0
FNDA:0,(anonymous_0)
FNDA:0,(anonymous_1)
FNDA:0,(anonymous_2)
FNDA:0,(anonymous_3)
FNDA:0,(anonymous_4)
FNDA:0,(anonymous_5)
FNDA:0,(anonymous_6)
FNDA:0,(anonymous_7)
FNDA:0,(anonymous_8)
FNDA:0,(anonymous_9)
FNDA:0,(anonymous_10)
FNDA:0,(anonymous_11)
FNDA:0,(anonymous_12)
FNDA:0,(anonymous_13)
FNDA:0,(anonymous_14)
FNDA:0,(anonymous_15)
FNDA:0,(anonymous_16)
FNDA:0,(anonymous_17)
DA:8,0
DA:9,0
DA:19,0
DA:20,0
DA:27,0
DA:30,0
DA:31,0
DA:32,0
DA:36,0
DA:37,0
DA:38,0
DA:47,0
DA:48,0
DA:50,0
DA:51,0
DA:52,0
DA:54,0
DA:55,0
DA:64,0
DA:65,0
DA:69,0
DA:70,0
DA:73,0
DA:76,0
DA:79,0
DA:80,0
DA:81,0
DA:82,0
DA:83,0
DA:84,0
DA:89,0
DA:92,0
DA:93,0
DA:94,0
DA:95,0
DA:98,0
DA:99,0
DA:102,0
DA:119,0
DA:120,0
DA:121,0
DA:124,0
DA:126,0
DA:127,0
DA:135,0
DA:136,0
DA:139,0
DA:140,0
DA:143,0
DA:144,0
DA:145,0
DA:146,0
DA:148,0
DA:154,0
DA:155,0
DA:156,0
DA:157,0
DA:159,0
DA:164,0
DA:165,0
DA:173,0
DA:176,0
DA:177,0
DA:180,0
DA:181,0
DA:184,0
DA:185,0
DA:188,0
DA:189,0
DA:192,0
DA:193,0
DA:196,0
DA:197,0
DA:198,0
DA:199,0
DA:200,0
DA:201,0
DA:203,0
DA:209,0
DA:210,0
DA:211,0
DA:212,0
DA:213,0
DA:215,0
DA:220,0
DA:221,0
DA:222,0
DA:225,0
DA:232,0
DA:239,0
DA:246,0
DA:254,0
LF:92
LH:0
BRDA:27,0,0,0
BRDA:27,0,1,0
BRDA:31,1,0,0
BRDA:31,1,1,0
BRDA:47,2,0,0
BRDA:47,2,1,0
BRDA:50,3,0,0
BRDA:50,3,1,0
BRDA:51,4,0,0
BRDA:51,4,1,0
BRDA:54,5,0,0
BRDA:54,5,1,0
BRDA:64,6,0,0
BRDA:64,6,1,0
BRDA:66,7,0,0
BRDA:66,7,1,0
BRDA:69,8,0,0
BRDA:69,8,1,0
BRDA:71,9,0,0
BRDA:71,9,1,0
BRDA:73,10,0,0
BRDA:73,10,1,0
BRDA:80,11,0,0
BRDA:80,11,1,0
BRDA:83,12,0,0
BRDA:83,12,1,0
BRDA:94,13,0,0
BRDA:94,13,1,0
BRDA:96,14,0,0
BRDA:96,14,1,0
BRDA:98,15,0,0
BRDA:98,15,1,0
BRDA:99,16,0,0
BRDA:99,16,1,0
BRDA:105,17,0,0
BRDA:105,17,1,0
BRDA:119,18,0,0
BRDA:119,18,1,0
BRDA:126,19,0,0
BRDA:126,19,1,0
BRDA:135,20,0,0
BRDA:135,20,1,0
BRDA:140,21,0,0
BRDA:140,21,1,0
BRDA:145,22,0,0
BRDA:145,22,1,0
BRDA:156,23,0,0
BRDA:156,23,1,0
BRDA:165,24,0,0
BRDA:165,24,1,0
BRDA:173,25,0,0
BRDA:173,25,1,0
BRDA:177,26,0,0
BRDA:177,26,1,0
BRDA:181,27,0,0
BRDA:181,27,1,0
BRDA:185,28,0,0
BRDA:185,28,1,0
BRDA:189,29,0,0
BRDA:189,29,1,0
BRDA:189,30,0,0
BRDA:189,30,1,0
BRDA:193,31,0,0
BRDA:193,31,1,0
BRDA:193,32,0,0
BRDA:193,32,1,0
BRDA:200,33,0,0
BRDA:200,33,1,0
BRDA:200,34,0,0
BRDA:200,34,1,0
BRDA:212,35,0,0
BRDA:212,35,1,0
BRDA:221,36,0,0
BRDA:221,36,1,0
BRDA:222,37,0,0
BRDA:222,37,1,0
BRF:76
BRH:0
end_of_record
TN:
SF:js\controllers\ControladorHistorial.js
FN:11,(anonymous_0)
FN:26,(anonymous_1)
FN:39,(anonymous_2)
FN:55,(anonymous_3)
FN:59,(anonymous_4)
FN:68,(anonymous_5)
FN:77,(anonymous_6)
FN:85,(anonymous_7)
FN:94,(anonymous_8)
FN:101,(anonymous_9)
FN:113,(anonymous_10)
FN:137,(anonymous_11)
FN:141,(anonymous_12)
FN:145,(anonymous_13)
FN:149,(anonymous_14)
FN:162,(anonymous_15)
FN:176,(anonymous_16)
FN:177,(anonymous_17)
FN:184,(anonymous_18)
FN:188,(anonymous_19)
FN:196,(anonymous_20)
FN:217,(anonymous_21)
FN:238,(anonymous_22)
FN:255,(anonymous_23)
FN:261,(anonymous_24)
FN:265,(anonymous_25)
FN:267,(anonymous_26)
FN:274,(anonymous_27)
FN:289,(anonymous_28)
FNF:29
FNH:0
FNDA:0,(anonymous_0)
FNDA:0,(anonymous_1)
FNDA:0,(anonymous_2)
FNDA:0,(anonymous_3)
FNDA:0,(anonymous_4)
FNDA:0,(anonymous_5)
FNDA:0,(anonymous_6)
FNDA:0,(anonymous_7)
FNDA:0,(anonymous_8)
FNDA:0,(anonymous_9)
FNDA:0,(anonymous_10)
FNDA:0,(anonymous_11)
FNDA:0,(anonymous_12)
FNDA:0,(anonymous_13)
FNDA:0,(anonymous_14)
FNDA:0,(anonymous_15)
FNDA:0,(anonymous_16)
FNDA:0,(anonymous_17)
FNDA:0,(anonymous_18)
FNDA:0,(anonymous_19)
FNDA:0,(anonymous_20)
FNDA:0,(anonymous_21)
FNDA:0,(anonymous_22)
FNDA:0,(anonymous_23)
FNDA:0,(anonymous_24)
FNDA:0,(anonymous_25)
FNDA:0,(anonymous_26)
FNDA:0,(anonymous_27)
FNDA:0,(anonymous_28)
DA:12,0
DA:13,0
DA:14,0
DA:15,0
DA:16,0
DA:17,0
DA:27,0
DA:28,0
DA:29,0
DA:30,0
DA:32,0
DA:40,0
DA:41,0
DA:42,0
DA:45,0
DA:47,0
DA:48,0
DA:57,0
DA:58,0
DA:59,0
DA:60,0
DA:61,0
DA:66,0
DA:67,0
DA:68,0
DA:69,0
DA:70,0
DA:75,0
DA:76,0
DA:77,0
DA:78,0
DA:83,0
DA:84,0
DA:85,0
DA:86,0
DA:95,0
DA:96,0
DA:99,0
DA:101,0
DA:102,0
DA:103,0
DA:105,0
DA:106,0
DA:114,0
DA:117,0
DA:118,0
DA:124,0
DA:125,0
DA:131,0
DA:138,0
DA:141,0
DA:145,0
DA:149,0
DA:154,0
DA:155,0
DA:156,0
DA:162,0
DA:173,0
DA:176,0
DA:177,0
DA:178,0
DA:179,0
DA:180,0
DA:184,0
DA:185,0
DA:188,0
DA:189,0
DA:197,0
DA:198,0
DA:203,0
DA:204,0
DA:206,0
DA:207,0
DA:218,0
DA:219,0
DA:224,0
DA:225,0
DA:227,0
DA:228,0
DA:239,0
DA:240,0
DA:244,0
DA:245,0
DA:247,0
DA:248,0
DA:256,0
DA:257,0
DA:258,0
DA:259,0
DA:261,0
DA:262,0
DA:265,0
DA:266,0
DA:267,0
DA:275,0
DA:276,0
DA:278,0
DA:279,0
DA:281,0
DA:282,0
DA:290,0
DA:291,0
LF:102
LH:0
BRDA:58,0,0,0
BRDA:58,0,1,0
BRDA:67,1,0,0
BRDA:67,1,1,0
BRDA:76,2,0,0
BRDA:76,2,1,0
BRDA:84,3,0,0
BRDA:84,3,1,0
BRDA:96,4,0,0
BRDA:96,4,1,0
BRDA:117,5,0,0
BRDA:117,5,1,0
BRDA:124,6,0,0
BRDA:124,6,1,0
BRDA:255,7,0,0
BRDA:278,8,0,0
BRDA:278,8,1,0
BRDA:281,9,0,0
BRDA:281,9,1,0
BRF:19
BRH:0
end_of_record
TN:
SF:js\controllers\ControladorMedicamentos.js
FN:10,(anonymous_0)
FN:18,(anonymous_1)
FN:58,(anonymous_2)
FN:78,(anonymous_3)
FN:98,(anonymous_4)
FN:148,(anonymous_5)
FN:171,(anonymous_6)
FN:178,(anonymous_7)
FN:179,(anonymous_8)
FNF:9
FNH:0
FNDA:0,(anonymous_0)
FNDA:0,(anonymous_1)
FNDA:0,(anonymous_2)
FNDA:0,(anonymous_3)
FNDA:0,(anonymous_4)
FNDA:0,(anonymous_5)
FNDA:0,(anonymous_6)
FNDA:0,(anonymous_7)
FNDA:0,(anonymous_8)
DA:11,0
DA:12,0
DA:19,0
DA:21,0
DA:24,0
DA:25,0
DA:26,0
DA:33,0
DA:36,0
DA:39,0
DA:41,0
DA:47,0
DA:48,0
DA:59,0
DA:61,0
DA:62,0
DA:67,0
DA:68,0
DA:79,0
DA:81,0
DA:82,0
DA:87,0
DA:88,0
DA:99,0
DA:101,0
DA:102,0
DA:103,0
DA:110,0
DA:111,0
DA:114,0
DA:115,0
DA:116,0
DA:123,0
DA:126,0
DA:129,0
DA:131,0
DA:137,0
DA:138,0
DA:149,0
DA:150,0
DA:153,0
DA:155,0
DA:160,0
DA:161,0
DA:172,0
DA:179,0
DA:180,0
LF:47
LH:0
BRDA:25,0,0,0
BRDA:25,0,1,0
BRDA:102,1,0,0
BRDA:102,1,1,0
BRDA:102,2,0,0
BRDA:102,2,1,0
BRDA:115,3,0,0
BRDA:115,3,1,0
BRF:8
BRH:0
end_of_record
TN:
SF:js\controllers\ControladorSintomas.js
FN:11,(anonymous_0)
FN:26,(anonymous_1)
FN:39,(anonymous_2)
FN:47,(anonymous_3)
FN:61,(anonymous_4)
FN:67,(anonymous_5)
FN:77,(anonymous_6)
FN:85,(anonymous_7)
FN:93,(anonymous_8)
FN:101,(anonymous_9)
FN:118,(anonymous_10)
FN:121,(anonymous_11)
FN:122,(anonymous_12)
FN:124,(anonymous_13)
FN:132,(anonymous_14)
FN:133,(anonymous_15)
FN:135,(anonymous_16)
FN:144,(anonymous_17)
FN:153,(anonymous_18)
FN:162,(anonymous_19)
FN:169,(anonymous_20)
FN:170,(anonymous_21)
FN:182,(anonymous_22)
FN:188,(anonymous_23)
FN:200,(anonymous_24)
FN:222,(anonymous_25)
FN:248,(anonymous_26)
FN:261,(anonymous_27)
FN:280,(anonymous_28)
FN:310,(anonymous_29)
FN:317,(anonymous_30)
FN:331,(anonymous_31)
FN:335,(anonymous_32)
FN:343,(anonymous_33)
FN:366,(anonymous_34)
FN:384,(anonymous_35)
FN:399,(anonymous_36)
FN:414,(anonymous_37)
FN:420,(anonymous_38)
FN:424,(anonymous_39)
FN:426,(anonymous_40)
FN:433,(anonymous_41)
FNF:42
FNH:0
FNDA:0,(anonymous_0)
FNDA:0,(anonymous_1)
FNDA:0,(anonymous_2)
FNDA:0,(anonymous_3)
FNDA:0,(anonymous_4)
FNDA:0,(anonymous_5)
FNDA:0,(anonymous_6)
FNDA:0,(anonymous_7)
FNDA:0,(anonymous_8)
FNDA:0,(anonymous_9)
FNDA:0,(anonymous_10)
FNDA:0,(anonymous_11)
FNDA:0,(anonymous_12)
FNDA:0,(anonymous_13)
FNDA:0,(anonymous_14)
FNDA:0,(anonymous_15)
FNDA:0,(anonymous_16)
FNDA:0,(anonymous_17)
FNDA:0,(anonymous_18)
FNDA:0,(anonymous_19)
FNDA:0,(anonymous_20)
FNDA:0,(anonymous_21)
FNDA:0,(anonymous_22)
FNDA:0,(anonymous_23)
FNDA:0,(anonymous_24)
FNDA:0,(anonymous_25)
FNDA:0,(anonymous_26)
FNDA:0,(anonymous_27)
FNDA:0,(anonymous_28)
FNDA:0,(anonymous_29)
FNDA:0,(anonymous_30)
FNDA:0,(anonymous_31)
FNDA:0,(anonymous_32)
FNDA:0,(anonymous_33)
FNDA:0,(anonymous_34)
FNDA:0,(anonymous_35)
FNDA:0,(anonymous_36)
FNDA:0,(anonymous_37)
FNDA:0,(anonymous_38)
FNDA:0,(anonymous_39)
FNDA:0,(anonymous_40)
FNDA:0,(anonymous_41)
DA:12,0
DA:13,0
DA:14,0
DA:15,0
DA:16,0
DA:27,0
DA:28,0
DA:29,0
DA:30,0
DA:32,0
DA:40,0
DA:41,0
DA:48,0
DA:49,0
DA:50,0
DA:51,0
DA:53,0
DA:54,0
DA:63,0
DA:66,0
DA:67,0
DA:68,0
DA:73,0
DA:76,0
DA:77,0
DA:78,0
DA:83,0
DA:84,0
DA:85,0
DA:86,0
DA:91,0
DA:92,0
DA:93,0
DA:94,0
DA:99,0
DA:100,0
DA:101,0
DA:102,0
DA:103,0
DA:104,0
DA:108,0
DA:109,0
DA:120,0
DA:121,0
DA:122,0
DA:123,0
DA:124,0
DA:125,0
DA:126,0
DA:131,0
DA:132,0
DA:133,0
DA:134,0
DA:135,0
DA:136,0
DA:137,0
DA:142,0
DA:143,0
DA:144,0
DA:145,0
DA:146,0
DA:151,0
DA:152,0
DA:153,0
DA:154,0
DA:163,0
DA:164,0
DA:166,0
DA:168,0
DA:169,0
DA:171,0
DA:172,0
DA:174,0
DA:175,0
DA:183,0
DA:184,0
DA:186,0
DA:188,0
DA:189,0
DA:190,0
DA:192,0
DA:193,0
DA:201,0
DA:202,0
DA:205,0
DA:206,0
DA:208,0
DA:209,0
DA:213,0
DA:216,0
DA:217,0
DA:218,0
DA:221,0
DA:222,0
DA:225,0
DA:235,0
DA:236,0
DA:237,0
DA:238,0
DA:241,0
DA:242,0
DA:245,0
DA:248,0
DA:249,0
DA:250,0
DA:253,0
DA:254,0
DA:262,0
DA:263,0
DA:266,0
DA:267,0
DA:268,0
DA:269,0
DA:270,0
DA:272,0
DA:273,0
DA:281,0
DA:284,0
DA:288,0
DA:290,0
DA:291,0
DA:297,0
DA:298,0
DA:304,0
DA:311,0
DA:318,0
DA:319,0
DA:320,0
DA:324,0
DA:331,0
DA:332,0
DA:335,0
DA:336,0
DA:344,0
DA:345,0
DA:347,0
DA:348,0
DA:350,0
DA:351,0
DA:355,0
DA:356,0
DA:360,0
DA:367,0
DA:368,0
DA:370,0
DA:371,0
DA:373,0
DA:374,0
DA:376,0
DA:377,0
DA:385,0
DA:386,0
DA:388,0
DA:389,0
DA:391,0
DA:392,0
DA:400,0
DA:401,0
DA:403,0
DA:404,0
DA:406,0
DA:407,0
DA:415,0
DA:416,0
DA:417,0
DA:418,0
DA:420,0
DA:421,0
DA:424,0
DA:425,0
DA:426,0
DA:434,0
DA:435,0
LF:173
LH:0
BRDA:66,0,0,0
BRDA:66,0,1,0
BRDA:76,1,0,0
BRDA:76,1,1,0
BRDA:84,2,0,0
BRDA:84,2,1,0
BRDA:92,3,0,0
BRDA:92,3,1,0
BRDA:100,4,0,0
BRDA:100,4,1,0
BRDA:102,5,0,0
BRDA:102,5,1,0
BRDA:108,6,0,0
BRDA:108,6,1,0
BRDA:143,7,0,0
BRDA:143,7,1,0
BRDA:152,8,0,0
BRDA:152,8,1,0
BRDA:164,9,0,0
BRDA:164,9,1,0
BRDA:184,10,0,0
BRDA:184,10,1,0
BRDA:208,11,0,0
BRDA:208,11,1,0
BRDA:216,12,0,0
BRDA:216,12,1,0
BRDA:227,13,0,0
BRDA:227,13,1,0
BRDA:236,14,0,0
BRDA:236,14,1,0
BRDA:262,15,0,0
BRDA:262,15,1,0
BRDA:290,16,0,0
BRDA:290,16,1,0
BRDA:290,17,0,0
BRDA:290,17,1,0
BRDA:297,18,0,0
BRDA:297,18,1,0
BRDA:297,19,0,0
BRDA:297,19,1,0
BRDA:319,20,0,0
BRDA:319,20,1,0
BRDA:347,21,0,0
BRDA:347,21,1,0
BRDA:350,22,0,0
BRDA:350,22,1,0
BRDA:355,23,0,0
BRDA:355,23,1,0
BRDA:373,24,0,0
BRDA:373,24,1,0
BRDA:376,25,0,0
BRDA:376,25,1,0
BRDA:388,26,0,0
BRDA:388,26,1,0
BRDA:391,27,0,0
BRDA:391,27,1,0
BRDA:403,28,0,0
BRDA:403,28,1,0
BRDA:406,29,0,0
BRDA:406,29,1,0
BRDA:414,30,0,0
BRF:61
BRH:0
end_of_record
TN:
SF:js\models\EventoToma.js
FN:10,(anonymous_0)
FN:29,(anonymous_1)
FN:53,(anonymous_2)
FN:90,(anonymous_3)
FN:102,(anonymous_4)
FN:122,(anonymous_5)
FNF:6
FNH:6
FNDA:16,(anonymous_0)
FNDA:7,(anonymous_1)
FNDA:3,(anonymous_2)
FNDA:3,(anonymous_3)
FNDA:1,(anonymous_4)
FNDA:1,(anonymous_5)
DA:11,16
DA:12,16
DA:13,16
DA:14,16
DA:15,16
DA:16,16
DA:18,16
DA:19,16
DA:20,16
DA:21,16
DA:22,16
DA:23,16
DA:30,7
DA:32,7
DA:33,1
DA:36,7
DA:37,1
DA:40,7
DA:41,1
DA:44,7
DA:54,3
DA:55,3
DA:60,3
DA:65,3
DA:66,3
DA:68,1
DA:69,1
DA:71,1
DA:72,1
DA:73,1
DA:75,1
DA:77,1
DA:78,1
DA:79,1
DA:81,1
DA:84,3
DA:91,3
DA:96,3
DA:103,1
DA:123,1
LF:40
LH:40
BRDA:10,0,0,0
BRDA:11,1,0,16
BRDA:11,1,1,15
BRDA:12,2,0,16
BRDA:12,2,1,1
BRDA:13,3,0,16
BRDA:13,3,1,16
BRDA:14,4,0,16
BRDA:14,4,1,14
BRDA:15,5,0,16
BRDA:15,5,1,0
BRDA:17,6,0,4
BRDA:17,6,1,12
BRDA:18,7,0,16
BRDA:18,7,1,16
BRDA:19,8,0,16
BRDA:19,8,1,16
BRDA:20,9,0,16
BRDA:20,9,1,13
BRDA:21,10,0,16
BRDA:21,10,1,16
BRDA:22,11,0,2
BRDA:22,11,1,14
BRDA:23,12,0,16
BRDA:23,12,1,15
BRDA:32,13,0,1
BRDA:32,13,1,6
BRDA:36,14,0,1
BRDA:36,14,1,6
BRDA:40,15,0,1
BRDA:40,15,1,6
BRDA:40,16,0,7
BRDA:40,16,1,6
BRDA:40,16,2,6
BRDA:66,17,0,1
BRDA:66,17,1,1
BRDA:66,17,2,1
BRDA:72,18,0,1
BRDA:72,18,1,0
BRDA:78,19,0,1
BRDA:78,19,1,0
BRDA:96,20,0,3
BRDA:96,20,1,0
BRF:43
BRH:38
end_of_record
TN:
SF:js\models\Medicamento.js
FN:10,(anonymous_0)
FN:30,(anonymous_1)
FN:75,(anonymous_2)
FN:84,(anonymous_3)
FN:116,(anonymous_4)
FN:119,(anonymous_5)
FN:124,(anonymous_6)
FN:135,(anonymous_7)
FN:156,(anonymous_8)
FNF:9
FNH:7
FNDA:40,(anonymous_0)
FNDA:10,(anonymous_1)
FNDA:17,(anonymous_2)
FNDA:5,(anonymous_3)
FNDA:12,(anonymous_4)
FNDA:0,(anonymous_5)
FNDA:0,(anonymous_6)
FNDA:2,(anonymous_7)
FNDA:2,(anonymous_8)
DA:11,40
DA:12,40
DA:13,40
DA:14,40
DA:15,40
DA:16,40
DA:17,40
DA:18,40
DA:19,40
DA:20,40
DA:21,40
DA:22,40
DA:23,40
DA:31,10
DA:33,10
DA:34,4
DA:37,10
DA:38,2
DA:41,10
DA:46,1
DA:49,10
DA:53,1
DA:58,10
DA:63,1
DA:66,10
DA:76,17
DA:77,17
DA:85,5
DA:86,5
DA:87,5
DA:88,5
DA:90,5
DA:91,5
DA:93,5
DA:94,19
DA:104,19
DA:109,5
DA:110,5
DA:117,12
DA:118,12
DA:119,0
DA:122,12
DA:123,0
DA:124,0
DA:126,0
DA:129,12
DA:136,2
DA:157,2
LF:48
LH:44
BRDA:10,0,0,2
BRDA:11,1,0,40
BRDA:11,1,1,31
BRDA:12,2,0,40
BRDA:12,2,1,5
BRDA:13,3,0,40
BRDA:13,3,1,40
BRDA:14,4,0,32
BRDA:14,4,1,8
BRDA:15,5,0,40
BRDA:15,5,1,38
BRDA:16,6,0,23
BRDA:16,6,1,17
BRDA:17,7,0,40
BRDA:17,7,1,21
BRDA:18,8,0,20
BRDA:18,8,1,20
BRDA:19,9,0,40
BRDA:19,9,1,40
BRDA:20,10,0,40
BRDA:20,10,1,39
BRDA:21,11,0,2
BRDA:21,11,1,38
BRDA:22,12,0,40
BRDA:22,12,1,38
BRDA:23,13,0,40
BRDA:23,13,1,40
BRDA:33,14,0,4
BRDA:33,14,1,6
BRDA:33,15,0,10
BRDA:33,15,1,6
BRDA:37,16,0,2
BRDA:37,16,1,8
BRDA:37,17,0,10
BRDA:37,17,1,8
BRDA:41,18,0,1
BRDA:41,18,1,9
BRDA:42,19,0,10
BRDA:42,19,1,10
BRDA:42,19,2,10
BRDA:49,20,0,1
BRDA:49,20,1,9
BRDA:50,21,0,10
BRDA:50,21,1,10
BRDA:58,22,0,1
BRDA:58,22,1,9
BRDA:59,23,0,10
BRDA:59,23,1,10
BRDA:59,23,2,10
BRDA:119,24,0,0
BRDA:119,24,1,0
BRDA:119,24,2,0
BRDA:122,25,0,0
BRDA:122,25,1,12
BRF:54
BRH:50
end_of_record
TN:
SF:js\models\Sintoma.js
FN:10,(anonymous_0)
FN:25,(anonymous_1)
FN:62,(anonymous_2)
FN:77,(anonymous_3)
FN:89,(anonymous_4)
FN:107,(anonymous_5)
FN:121,(anonymous_6)
FN:132,(anonymous_7)
FN:149,(anonymous_8)
FNF:9
FNH:6
FNDA:45,(anonymous_0)
FNDA:14,(anonymous_1)
FNDA:46,(anonymous_2)
FNDA:3,(anonymous_3)
FNDA:0,(anonymous_4)
FNDA:0,(anonymous_5)
FNDA:0,(anonymous_6)
FNDA:1,(anonymous_7)
FNDA:1,(anonymous_8)
DA:11,45
DA:12,45
DA:13,45
DA:14,45
DA:15,45
DA:16,45
DA:17,45
DA:18,45
DA:19,45
DA:26,14
DA:28,14
DA:29,1
DA:32,14
DA:33,1
DA:36,14
DA:44,14
DA:45,1
DA:48,14
DA:49,14
DA:50,1
DA:53,14
DA:63,46
DA:71,46
DA:78,3
DA:83,3
DA:90,0
DA:91,0
DA:96,0
DA:101,0
DA:108,0
DA:122,0
DA:133,1
DA:150,1
LF:33
LH:27
BRDA:10,0,0,0
BRDA:11,1,0,45
BRDA:11,1,1,44
BRDA:12,2,0,45
BRDA:12,2,1,1
BRDA:13,3,0,45
BRDA:13,3,1,41
BRDA:14,4,0,45
BRDA:14,4,1,1
BRDA:15,5,0,45
BRDA:15,5,1,20
BRDA:16,6,0,45
BRDA:16,6,1,29
BRDA:17,7,0,45
BRDA:17,7,1,44
BRDA:18,8,0,45
BRDA:18,8,1,45
BRDA:19,9,0,45
BRDA:19,9,1,45
BRDA:28,10,0,1
BRDA:28,10,1,13
BRDA:32,11,0,1
BRDA:32,11,1,13
BRDA:32,12,0,14
BRDA:32,12,1,13
BRDA:44,13,0,1
BRDA:44,13,1,13
BRDA:49,14,0,1
BRDA:49,14,1,13
BRDA:71,15,0,46
BRDA:71,15,1,21
BRDA:83,16,0,3
BRDA:83,16,1,0
BRF:33
BRH:31
end_of_record
TN:
SF:js\services\GestorAlmacenamiento.js
FN:14,(anonymous_0)
FN:21,(anonymous_1)
FN:25,(anonymous_2)
FN:30,(anonymous_3)
FN:37,(anonymous_4)
FN:51,(anonymous_5)
FN:55,(anonymous_6)
FN:60,(anonymous_7)
FN:61,(anonymous_8)
FN:68,(anonymous_9)
FN:82,(anonymous_10)
FN:86,(anonymous_11)
FN:91,(anonymous_12)
FN:100,(anonymous_13)
FN:113,(anonymous_14)
FN:120,(anonymous_15)
FN:124,(anonymous_16)
FN:139,(anonymous_17)
FN:147,(anonymous_18)
FN:152,(anonymous_19)
FN:166,(anonymous_20)
FN:170,(anonymous_21)
FN:174,(anonymous_22)
FN:178,(anonymous_23)
FN:183,(anonymous_24)
FN:196,(anonymous_25)
FN:200,(anonymous_26)
FN:205,(anonymous_27)
FN:208,(anonymous_28)
FN:213,(anonymous_29)
FN:226,(anonymous_30)
FN:230,(anonymous_31)
FN:235,(anonymous_32)
FN:239,(anonymous_33)
FN:252,(anonymous_34)
FN:256,(anonymous_35)
FN:261,(anonymous_36)
FN:268,(anonymous_37)
FN:277,(anonymous_38)
FN:290,(anonymous_39)
FN:294,(anonymous_40)
FN:299,(anonymous_41)
FN:308,(anonymous_42)
FN:317,(anonymous_43)
FN:330,(anonymous_44)
FN:334,(anonymous_45)
FN:339,(anonymous_46)
FN:346,(anonymous_47)
FN:355,(anonymous_48)
FN:368,(anonymous_49)
FN:379,(anonymous_50)
FN:383,(anonymous_51)
FN:388,(anonymous_52)
FN:393,(anonymous_53)
FN:407,(anonymous_54)
FN:411,(anonymous_55)
FN:416,(anonymous_56)
FN:417,(anonymous_57)
FN:424,(anonymous_58)
FN:438,(anonymous_59)
FN:442,(anonymous_60)
FN:448,(anonymous_61)
FN:449,(anonymous_62)
FN:455,(anonymous_63)
FN:468,(anonymous_64)
FN:474,(anonymous_65)
FN:487,(anonymous_66)
FN:491,(anonymous_67)
FN:496,(anonymous_68)
FN:501,(anonymous_69)
FN:518,(anonymous_70)
FN:522,(anonymous_71)
FN:527,(anonymous_72)
FN:532,(anonymous_73)
FN:546,(anonymous_74)
FN:550,(anonymous_75)
FN:555,(anonymous_76)
FN:556,(anonymous_77)
FN:561,(anonymous_78)
FN:575,(anonymous_79)
FN:579,(anonymous_80)
FN:585,(anonymous_81)
FN:586,(anonymous_82)
FN:590,(anonymous_83)
FN:603,(anonymous_84)
FN:607,(anonymous_85)
FN:612,(anonymous_86)
FN:621,(anonymous_87)
FN:634,(anonymous_88)
FN:638,(anonymous_89)
FN:643,(anonymous_90)
FN:648,(anonymous_91)
FN:661,(anonymous_92)
FN:665,(anonymous_93)
FN:671,(anonymous_94)
FN:672,(anonymous_95)
FN:676,(anonymous_96)
FNF:97
FNH:0
FNDA:0,(anonymous_0)
FNDA:0,(anonymous_1)
FNDA:0,(anonymous_2)
FNDA:0,(anonymous_3)
FNDA:0,(anonymous_4)
FNDA:0,(anonymous_5)
FNDA:0,(anonymous_6)
FNDA:0,(anonymous_7)
FNDA:0,(anonymous_8)
FNDA:0,(anonymous_9)
FNDA:0,(anonymous_10)
FNDA:0,(anonymous_11)
FNDA:0,(anonymous_12)
FNDA:0,(anonymous_13)
FNDA:0,(anonymous_14)
FNDA:0,(anonymous_15)
FNDA:0,(anonymous_16)
FNDA:0,(anonymous_17)
FNDA:0,(anonymous_18)
FNDA:0,(anonymous_19)
FNDA:0,(anonymous_20)
FNDA:0,(anonymous_21)
FNDA:0,(anonymous_22)
FNDA:0,(anonymous_23)
FNDA:0,(anonymous_24)
FNDA:0,(anonymous_25)
FNDA:0,(anonymous_26)
FNDA:0,(anonymous_27)
FNDA:0,(anonymous_28)
FNDA:0,(anonymous_29)
FNDA:0,(anonymous_30)
FNDA:0,(anonymous_31)
FNDA:0,(anonymous_32)
FNDA:0,(anonymous_33)
FNDA:0,(anonymous_34)
FNDA:0,(anonymous_35)
FNDA:0,(anonymous_36)
FNDA:0,(anonymous_37)
FNDA:0,(anonymous_38)
FNDA:0,(anonymous_39)
FNDA:0,(anonymous_40)
FNDA:0,(anonymous_41)
FNDA:0,(anonymous_42)
FNDA:0,(anonymous_43)
FNDA:0,(anonymous_44)
FNDA:0,(anonymous_45)
FNDA:0,(anonymous_46)
FNDA:0,(anonymous_47)
FNDA:0,(anonymous_48)
FNDA:0,(anonymous_49)
FNDA:0,(anonymous_50)
FNDA:0,(anonymous_51)
FNDA:0,(anonymous_52)
FNDA:0,(anonymous_53)
FNDA:0,(anonymous_54)
FNDA:0,(anonymous_55)
FNDA:0,(anonymous_56)
FNDA:0,(anonymous_57)
FNDA:0,(anonymous_58)
FNDA:0,(anonymous_59)
FNDA:0,(anonymous_60)
FNDA:0,(anonymous_61)
FNDA:0,(anonymous_62)
FNDA:0,(anonymous_63)
FNDA:0,(anonymous_64)
FNDA:0,(anonymous_65)
FNDA:0,(anonymous_66)
FNDA:0,(anonymous_67)
FNDA:0,(anonymous_68)
FNDA:0,(anonymous_69)
FNDA:0,(anonymous_70)
FNDA:0,(anonymous_71)
FNDA:0,(anonymous_72)
FNDA:0,(anonymous_73)
FNDA:0,(anonymous_74)
FNDA:0,(anonymous_75)
FNDA:0,(anonymous_76)
FNDA:0,(anonymous_77)
FNDA:0,(anonymous_78)
FNDA:0,(anonymous_79)
FNDA:0,(anonymous_80)
FNDA:0,(anonymous_81)
FNDA:0,(anonymous_82)
FNDA:0,(anonymous_83)
FNDA:0,(anonymous_84)
FNDA:0,(anonymous_85)
FNDA:0,(anonymous_86)
FNDA:0,(anonymous_87)
FNDA:0,(anonymous_88)
FNDA:0,(anonymous_89)
FNDA:0,(anonymous_90)
FNDA:0,(anonymous_91)
FNDA:0,(anonymous_92)
FNDA:0,(anonymous_93)
FNDA:0,(anonymous_94)
FNDA:0,(anonymous_95)
FNDA:0,(anonymous_96)
DA:15,0
DA:22,0
DA:23,0
DA:25,0
DA:26,0
DA:27,0
DA:28,0
DA:30,0
DA:32,0
DA:33,0
DA:34,0
DA:37,0
DA:38,0
DA:39,0
DA:43,0
DA:44,0
DA:52,0
DA:53,0
DA:55,0
DA:56,0
DA:57,0
DA:58,0
DA:60,0
DA:61,0
DA:62,0
DA:64,0
DA:65,0
DA:68,0
DA:69,0
DA:70,0
DA:74,0
DA:75,0
DA:83,0
DA:84,0
DA:86,0
DA:87,0
DA:88,0
DA:89,0
DA:91,0
DA:92,0
DA:93,0
DA:94,0
DA:96,0
DA:100,0
DA:101,0
DA:105,0
DA:106,0
DA:114,0
DA:121,0
DA:122,0
DA:124,0
DA:125,0
DA:131,0
DA:132,0
DA:135,0
DA:136,0
DA:137,0
DA:139,0
DA:140,0
DA:141,0
DA:142,0
DA:143,0
DA:147,0
DA:148,0
DA:149,0
DA:152,0
DA:153,0
DA:154,0
DA:158,0
DA:159,0
DA:167,0
DA:168,0
DA:170,0
DA:171,0
DA:172,0
DA:174,0
DA:175,0
DA:178,0
DA:179,0
DA:180,0
DA:183,0
DA:184,0
DA:188,0
DA:189,0
DA:197,0
DA:198,0
DA:200,0
DA:201,0
DA:202,0
DA:203,0
DA:205,0
DA:206,0
DA:207,0
DA:208,0
DA:210,0
DA:213,0
DA:214,0
DA:218,0
DA:219,0
DA:227,0
DA:228,0
DA:230,0
DA:231,0
DA:232,0
DA:233,0
DA:235,0
DA:236,0
DA:239,0
DA:240,0
DA:244,0
DA:245,0
DA:253,0
DA:254,0
DA:256,0
DA:257,0
DA:258,0
DA:259,0
DA:261,0
DA:262,0
DA:263,0
DA:264,0
DA:265,0
DA:266,0
DA:268,0
DA:269,0
DA:270,0
DA:273,0
DA:277,0
DA:278,0
DA:282,0
DA:283,0
DA:291,0
DA:292,0
DA:294,0
DA:295,0
DA:296,0
DA:297,0
DA:299,0
DA:300,0
DA:301,0
DA:302,0
DA:303,0
DA:304,0
DA:305,0
DA:306,0
DA:308,0
DA:309,0
DA:310,0
DA:313,0
DA:317,0
DA:318,0
DA:322,0
DA:323,0
DA:331,0
DA:332,0
DA:334,0
DA:335,0
DA:336,0
DA:337,0
DA:339,0
DA:340,0
DA:341,0
DA:342,0
DA:343,0
DA:344,0
DA:346,0
DA:347,0
DA:348,0
DA:351,0
DA:355,0
DA:356,0
DA:360,0
DA:361,0
DA:369,0
DA:380,0
DA:381,0
DA:383,0
DA:384,0
DA:385,0
DA:386,0
DA:388,0
DA:389,0
DA:390,0
DA:393,0
DA:394,0
DA:395,0
DA:399,0
DA:400,0
DA:408,0
DA:409,0
DA:411,0
DA:412,0
DA:413,0
DA:414,0
DA:416,0
DA:417,0
DA:418,0
DA:420,0
DA:421,0
DA:424,0
DA:425,0
DA:426,0
DA:430,0
DA:431,0
DA:439,0
DA:440,0
DA:442,0
DA:443,0
DA:444,0
DA:445,0
DA:446,0
DA:448,0
DA:449,0
DA:450,0
DA:452,0
DA:455,0
DA:456,0
DA:460,0
DA:461,0
DA:469,0
DA:470,0
DA:471,0
DA:472,0
DA:474,0
DA:475,0
DA:476,0
DA:479,0
DA:480,0
DA:488,0
DA:489,0
DA:491,0
DA:492,0
DA:493,0
DA:494,0
DA:496,0
DA:497,0
DA:498,0
DA:501,0
DA:502,0
DA:506,0
DA:507,0
DA:519,0
DA:520,0
DA:522,0
DA:523,0
DA:524,0
DA:525,0
DA:527,0
DA:528,0
DA:529,0
DA:532,0
DA:533,0
DA:534,0
DA:538,0
DA:539,0
DA:547,0
DA:548,0
DA:550,0
DA:551,0
DA:552,0
DA:553,0
DA:555,0
DA:556,0
DA:557,0
DA:558,0
DA:561,0
DA:562,0
DA:563,0
DA:567,0
DA:568,0
DA:576,0
DA:577,0
DA:579,0
DA:580,0
DA:581,0
DA:582,0
DA:583,0
DA:585,0
DA:586,0
DA:587,0
DA:590,0
DA:591,0
DA:595,0
DA:596,0
DA:604,0
DA:605,0
DA:607,0
DA:608,0
DA:609,0
DA:610,0
DA:612,0
DA:613,0
DA:614,0
DA:615,0
DA:617,0
DA:621,0
DA:622,0
DA:626,0
DA:627,0
DA:635,0
DA:636,0
DA:638,0
DA:639,0
DA:640,0
DA:641,0
DA:643,0
DA:644,0
DA:645,0
DA:648,0
DA:649,0
DA:653,0
DA:654,0
DA:662,0
DA:663,0
DA:665,0
DA:666,0
DA:667,0
DA:668,0
DA:669,0
DA:671,0
DA:672,0
DA:673,0
DA:676,0
DA:677,0
DA:681,0
DA:682,0
LF:326
LH:0
BRDA:92,0,0,0
BRDA:92,0,1,0
BRDA:141,1,0,0
BRDA:141,1,1,0
BRDA:208,2,0,0
BRDA:208,2,1,0
BRDA:208,2,2,0
BRDA:263,3,0,0
BRDA:263,3,1,0
BRDA:290,4,0,0
BRDA:301,5,0,0
BRDA:301,5,1,0
BRDA:330,6,0,0
BRDA:341,7,0,0
BRDA:341,7,1,0
BRDA:368,8,0,0
BRDA:476,9,0,0
BRDA:476,9,1,0
BRDA:613,10,0,0
BRDA:613,10,1,0
BRF:20
BRH:0
end_of_record
TN:
SF:js\services\GestorInformes.js
FN:11,(anonymous_0)
FN:23,(anonymous_1)
FN:117,(anonymous_2)
FN:229,(anonymous_3)
FN:248,(anonymous_4)
FN:290,(anonymous_5)
FN:326,(anonymous_6)
FN:343,(anonymous_7)
FN:351,(anonymous_8)
FN:353,(anonymous_9)
FN:354,(anonymous_10)
FN:355,(anonymous_11)
FN:372,(anonymous_12)
FN:375,(anonymous_13)
FN:388,(anonymous_14)
FN:401,(anonymous_15)
FNF:16
FNH:0
FNDA:0,(anonymous_0)
FNDA:0,(anonymous_1)
FNDA:0,(anonymous_2)
FNDA:0,(anonymous_3)
FNDA:0,(anonymous_4)
FNDA:0,(anonymous_5)
FNDA:0,(anonymous_6)
FNDA:0,(anonymous_7)
FNDA:0,(anonymous_8)
FNDA:0,(anonymous_9)
FNDA:0,(anonymous_10)
FNDA:0,(anonymous_11)
FNDA:0,(anonymous_12)
FNDA:0,(anonymous_13)
FNDA:0,(anonymous_14)
FNDA:0,(anonymous_15)
DA:12,0
DA:24,0
DA:26,0
DA:27,0
DA:32,0
DA:35,0
DA:36,0
DA:37,0
DA:42,0
DA:45,0
DA:46,0
DA:47,0
DA:48,0
DA:51,0
DA:52,0
DA:53,0
DA:54,0
DA:57,0
DA:58,0
DA:59,0
DA:66,0
DA:67,0
DA:70,0
DA:71,0
DA:72,0
DA:75,0
DA:76,0
DA:77,0
DA:78,0
DA:80,0
DA:81,0
DA:83,0
DA:84,0
DA:85,0
DA:86,0
DA:91,0
DA:92,0
DA:97,0
DA:98,0
DA:103,0
DA:106,0
DA:108,0
DA:112,0
DA:113,0
DA:114,0
DA:117,0
DA:118,0
DA:123,0
DA:124,0
DA:125,0
DA:126,0
DA:128,0
DA:129,0
DA:132,0
DA:134,0
DA:135,0
DA:136,0
DA:139,0
DA:140,0
DA:145,0
DA:148,0
DA:149,0
DA:152,0
DA:153,0
DA:156,0
DA:157,0
DA:158,0
DA:163,0
DA:164,0
DA:167,0
DA:171,0
DA:172,0
DA:173,0
DA:174,0
DA:177,0
DA:178,0
DA:179,0
DA:180,0
DA:182,0
DA:183,0
DA:185,0
DA:186,0
DA:187,0
DA:188,0
DA:191,0
DA:192,0
DA:194,0
DA:195,0
DA:200,0
DA:201,0
DA:202,0
DA:203,0
DA:204,0
DA:205,0
DA:206,0
DA:210,0
DA:211,0
DA:213,0
DA:214,0
DA:216,0
DA:217,0
DA:230,0
DA:232,0
DA:233,0
DA:239,0
DA:240,0
DA:245,0
DA:248,0
DA:261,0
DA:262,0
DA:265,0
DA:266,0
DA:285,0
DA:286,0
DA:289,0
DA:290,0
DA:303,0
DA:304,0
DA:308,0
DA:309,0
DA:311,0
DA:312,0
DA:314,0
DA:315,0
DA:327,0
DA:329,0
DA:330,0
DA:333,0
DA:334,0
DA:339,0
DA:343,0
DA:345,0
DA:352,0
DA:353,0
DA:354,0
DA:355,0
DA:357,0
DA:373,0
DA:375,0
DA:376,0
DA:377,0
DA:379,0
DA:382,0
DA:389,0
DA:390,0
DA:392,0
DA:393,0
DA:394,0
DA:395,0
DA:396,0
DA:397,0
DA:398,0
DA:400,0
DA:401,0
DA:402,0
DA:405,0
LF:156
LH:0
BRDA:23,0,0,0
BRDA:26,1,0,0
BRDA:26,1,1,0
BRDA:37,2,0,0
BRDA:37,2,1,0
BRDA:112,3,0,0
BRDA:112,3,1,0
BRDA:118,4,0,0
BRDA:118,4,1,0
BRDA:134,5,0,0
BRDA:134,5,1,0
BRDA:148,6,0,0
BRDA:148,6,1,0
BRDA:156,7,0,0
BRDA:156,7,1,0
BRDA:171,8,0,0
BRDA:171,8,1,0
BRDA:171,9,0,0
BRDA:171,9,1,0
BRDA:172,10,0,0
BRDA:172,10,1,0
BRDA:186,11,0,0
BRDA:186,11,1,0
BRDA:229,12,0,0
BRDA:232,13,0,0
BRDA:232,13,1,0
BRDA:240,14,0,0
BRDA:240,14,1,0
BRDA:257,15,0,0
BRDA:257,15,1,0
BRDA:258,16,0,0
BRDA:258,16,1,0
BRDA:289,17,0,0
BRDA:289,17,1,0
BRDA:289,18,0,0
BRDA:289,18,1,0
BRDA:300,19,0,0
BRDA:300,19,1,0
BRDA:326,20,0,0
BRDA:329,21,0,0
BRDA:329,21,1,0
BRDA:333,22,0,0
BRDA:333,22,1,0
BRDA:333,23,0,0
BRDA:333,23,1,0
BRDA:362,24,0,0
BRDA:362,24,1,0
BRDA:363,25,0,0
BRDA:363,25,1,0
BRDA:365,26,0,0
BRDA:365,26,1,0
BRDA:376,27,0,0
BRDA:376,27,1,0
BRDA:388,28,0,0
BRF:54
BRH:0
end_of_record
TN:
SF:js\services\NotificadorSonoro.js
FN:9,(anonymous_0)
FN:19,(anonymous_1)
FN:48,(anonymous_2)
FN:59,(anonymous_3)
FN:72,(anonymous_4)
FN:93,(anonymous_5)
FN:105,(anonymous_6)
FN:135,(anonymous_7)
FNF:8
FNH:0
FNDA:0,(anonymous_0)
FNDA:0,(anonymous_1)
FNDA:0,(anonymous_2)
FNDA:0,(anonymous_3)
FNDA:0,(anonymous_4)
FNDA:0,(anonymous_5)
FNDA:0,(anonymous_6)
FNDA:0,(anonymous_7)
DA:10,0
DA:11,0
DA:12,0
DA:13,0
DA:20,0
DA:21,0
DA:25,0
DA:26,0
DA:29,0
DA:32,0
DA:33,0
DA:34,0
DA:39,0
DA:49,0
DA:52,0
DA:55,0
DA:56,0
DA:59,0
DA:60,0
DA:61,0
DA:64,0
DA:73,0
DA:74,0
DA:75,0
DA:76,0
DA:77,0
DA:79,0
DA:83,0
DA:84,0
DA:85,0
DA:86,0
DA:94,0
DA:95,0
DA:99,0
DA:100,0
DA:101,0
DA:103,0
DA:105,0
DA:106,0
DA:107,0
DA:109,0
DA:110,0
DA:112,0
DA:113,0
DA:115,0
DA:116,0
DA:118,0
DA:119,0
DA:120,0
DA:122,0
DA:123,0
DA:126,0
DA:128,0
DA:136,0
DA:137,0
DA:138,0
DA:140,0
LF:57
LH:0
BRDA:25,0,0,0
BRDA:25,0,1,0
BRDA:25,1,0,0
BRDA:25,1,1,0
BRDA:33,2,0,0
BRDA:33,2,1,0
BRDA:73,3,0,0
BRDA:73,3,1,0
BRDA:83,4,0,0
BRDA:83,4,1,0
BRDA:95,5,0,0
BRDA:95,5,1,0
BRDA:137,6,0,0
BRDA:137,6,1,0
BRDA:140,7,0,0
BRDA:140,7,1,0
BRF:16
BRH:0
end_of_record
TN:
SF:js\services\NotificadorVisual.js
FN:9,(anonymous_0)
FN:17,(anonymous_1)
FN:24,(anonymous_2)
FN:45,(anonymous_3)
FN:77,(anonymous_4)
FN:88,(anonymous_5)
FN:98,(anonymous_6)
FN:127,(anonymous_7)
FNF:8
FNH:0
FNDA:0,(anonymous_0)
FNDA:0,(anonymous_1)
FNDA:0,(anonymous_2)
FNDA:0,(anonymous_3)
FNDA:0,(anonymous_4)
FNDA:0,(anonymous_5)
FNDA:0,(anonymous_6)
FNDA:0,(anonymous_7)
DA:10,0
DA:11,0
DA:18,0
DA:25,0
DA:26,0
DA:27,0
DA:30,0
DA:33,0
DA:35,0
DA:47,0
DA:48,0
DA:49,0
DA:53,0
DA:54,0
DA:57,0
DA:58,0
DA:59,0
DA:63,0
DA:64,0
DA:68,0
DA:71,0
DA:78,0
DA:79,0
DA:88,0
DA:89,0
DA:90,0
DA:99,0
DA:100,0
DA:102,0
DA:103,0
DA:105,0
DA:106,0
DA:108,0
DA:109,0
DA:111,0
DA:112,0
DA:117,0
DA:118,0
DA:120,0
DA:128,0
DA:129,0
DA:130,0
DA:134,0
DA:135,0
LF:44
LH:0
BRDA:9,0,0,0
BRDA:26,1,0,0
BRDA:26,1,1,0
BRDA:48,2,0,0
BRDA:48,2,1,0
BRDA:58,3,0,0
BRDA:58,3,1,0
BRDA:63,4,0,0
BRDA:63,4,1,0
BRDA:78,5,0,0
BRDA:78,5,1,0
BRDA:78,6,0,0
BRDA:78,6,1,0
BRDA:100,7,0,0
BRDA:100,7,1,0
BRDA:129,8,0,0
BRDA:129,8,1,0
BRDA:134,9,0,0
BRDA:134,9,1,0
BRF:19
BRH:0
end_of_record
TN:
SF:js\services\Observador.js
FN:10,(anonymous_0)
FNF:1
FNH:0
FNDA:0,(anonymous_0)
DA:11,0
LF:1
LH:0
BRF:0
BRH:0
end_of_record
TN:
SF:js\services\RelojSistema.js
FN:10,(anonymous_0)
FN:22,(anonymous_1)
FN:28,(anonymous_2)
FN:34,(anonymous_3)
FN:44,(anonymous_4)
FN:52,(anonymous_5)
FN:129,(anonymous_6)
FN:140,(anonymous_7)
FNF:8
FNH:0
FNDA:0,(anonymous_0)
FNDA:0,(anonymous_1)
FNDA:0,(anonymous_2)
FNDA:0,(anonymous_3)
FNDA:0,(anonymous_4)
FNDA:0,(anonymous_5)
FNDA:0,(anonymous_6)
FNDA:0,(anonymous_7)
DA:11,0
DA:12,0
DA:13,0
DA:14,0
DA:15,0
DA:16,0
DA:23,0
DA:24,0
DA:25,0
DA:28,0
DA:29,0
DA:33,0
DA:34,0
DA:35,0
DA:38,0
DA:45,0
DA:53,0
DA:54,0
DA:58,0
DA:59,0
DA:61,0
DA:65,0
DA:66,0
DA:67,0
DA:68,0
DA:71,0
DA:72,0
DA:73,0
DA:74,0
DA:76,0
DA:77,0
DA:80,0
DA:81,0
DA:86,0
DA:87,0
DA:91,0
DA:95,0
DA:96,0
DA:97,0
DA:101,0
DA:108,0
DA:109,0
DA:111,0
DA:115,0
DA:116,0
DA:120,0
DA:122,0
DA:130,0
DA:131,0
DA:132,0
DA:133,0
DA:141,0
LF:52
LH:0
BRDA:65,0,0,0
BRDA:65,0,1,0
BRDA:86,1,0,0
BRDA:86,1,1,0
BRDA:86,2,0,0
BRDA:86,2,1,0
BRDA:95,3,0,0
BRDA:95,3,1,0
BRDA:115,4,0,0
BRDA:115,4,1,0
BRDA:130,5,0,0
BRDA:130,5,1,0
BRF:12
BRH:0
end_of_record
TN:
SF:js\services\Sujeto.js
FN:6,(anonymous_0)
FN:14,(anonymous_1)
FN:31,(anonymous_2)
FN:49,(anonymous_3)
FN:59,(anonymous_4)
FNF:5
FNH:0
FNDA:0,(anonymous_0)
FNDA:0,(anonymous_1)
FNDA:0,(anonymous_2)
FNDA:0,(anonymous_3)
FNDA:0,(anonymous_4)
DA:7,0
DA:15,0
DA:16,0
DA:17,0
DA:21,0
DA:32,0
DA:33,0
DA:34,0
DA:35,0
DA:39,0
DA:50,0
DA:51,0
DA:54,0
DA:55,0
DA:56,0
DA:59,0
DA:60,0
DA:65,0
DA:68,0
DA:69,0
LF:20
LH:0
BRDA:15,0,0,0
BRDA:15,0,1,0
BRDA:33,1,0,0
BRDA:33,1,1,0
BRDA:55,2,0,0
BRDA:55,2,1,0
BRF:6
BRH:0
end_of_record
TN:
SF:js\views\VistaHistorial.js
FN:7,(anonymous_0)
FN:19,(anonymous_1)
FN:42,(anonymous_2)
FN:43,(anonymous_3)
FN:52,(anonymous_4)
FN:55,(anonymous_5)
FN:74,(anonymous_6)
FN:83,(anonymous_7)
FN:94,(anonymous_8)
FN:142,(anonymous_9)
FN:144,(anonymous_10)
FN:145,(anonymous_11)
FN:161,(anonymous_12)
FN:174,(anonymous_13)
FN:178,(anonymous_14)
FN:184,(anonymous_15)
FN:188,(anonymous_16)
FN:194,(anonymous_17)
FNF:18
FNH:0
FNDA:0,(anonymous_0)
FNDA:0,(anonymous_1)
FNDA:0,(anonymous_2)
FNDA:0,(anonymous_3)
FNDA:0,(anonymous_4)
FNDA:0,(anonymous_5)
FNDA:0,(anonymous_6)
FNDA:0,(anonymous_7)
FNDA:0,(anonymous_8)
FNDA:0,(anonymous_9)
FNDA:0,(anonymous_10)
FNDA:0,(anonymous_11)
FNDA:0,(anonymous_12)
FNDA:0,(anonymous_13)
FNDA:0,(anonymous_14)
FNDA:0,(anonymous_15)
FNDA:0,(anonymous_16)
FNDA:0,(anonymous_17)
DA:8,0
DA:9,0
DA:20,0
DA:21,0
DA:22,0
DA:26,0
DA:28,0
DA:29,0
DA:30,0
DA:31,0
DA:35,0
DA:38,0
DA:41,0
DA:42,0
DA:44,0
DA:45,0
DA:53,0
DA:55,0
DA:56,0
DA:62,0
DA:63,0
DA:65,0
DA:68,0
DA:75,0
DA:76,0
DA:78,0
DA:79,0
DA:80,0
DA:81,0
DA:83,0
DA:84,0
DA:85,0
DA:88,0
DA:95,0
DA:96,0
DA:97,0
DA:99,0
DA:104,0
DA:110,0
DA:136,0
DA:143,0
DA:144,0
DA:145,0
DA:147,0
DA:148,0
DA:150,0
DA:151,0
DA:153,0
DA:154,0
DA:162,0
DA:175,0
DA:176,0
DA:178,0
DA:185,0
DA:186,0
DA:188,0
DA:195,0
DA:196,0
DA:198,0
LF:59
LH:0
BRDA:19,0,0,0
BRDA:20,1,0,0
BRDA:20,1,1,0
BRDA:28,2,0,0
BRDA:28,2,1,0
BRDA:62,3,0,0
BRDA:62,3,1,0
BRDA:118,4,0,0
BRDA:118,4,1,0
BRDA:124,5,0,0
BRDA:124,5,1,0
BRDA:129,6,0,0
BRDA:129,6,1,0
BRDA:147,7,0,0
BRDA:147,7,1,0
BRDA:150,8,0,0
BRDA:150,8,1,0
BRDA:153,9,0,0
BRDA:153,9,1,0
BRDA:175,10,0,0
BRDA:175,10,1,0
BRDA:175,11,0,0
BRDA:175,11,1,0
BRDA:185,12,0,0
BRDA:185,12,1,0
BRDA:185,13,0,0
BRDA:185,13,1,0
BRDA:195,14,0,0
BRDA:195,14,1,0
BRF:29
BRH:0
end_of_record
TN:
SF:js\views\VistaListaMedicamentos.js
FN:7,(anonymous_0)
FN:26,(anonymous_1)
FN:41,(anonymous_2)
FN:50,(anonymous_3)
FN:124,(anonymous_4)
FN:133,(anonymous_5)
FN:144,(anonymous_6)
FN:156,(anonymous_7)
FN:173,(anonymous_8)
FN:177,(anonymous_9)
FN:181,(anonymous_10)
FN:188,(anonymous_11)
FN:197,(anonymous_12)
FN:211,(anonymous_13)
FNF:14
FNH:8
FNDA:12,(anonymous_0)
FNDA:11,(anonymous_1)
FNDA:12,(anonymous_2)
FNDA:12,(anonymous_3)
FNDA:0,(anonymous_4)
FNDA:0,(anonymous_5)
FNDA:0,(anonymous_6)
FNDA:2,(anonymous_7)
FNDA:1,(anonymous_8)
FNDA:1,(anonymous_9)
FNDA:0,(anonymous_10)
FNDA:12,(anonymous_11)
FNDA:0,(anonymous_12)
FNDA:0,(anonymous_13)
DA:9,12
DA:10,0
DA:14,12
DA:16,12
DA:27,11
DA:28,0
DA:29,0
DA:33,11
DA:35,11
DA:36,2
DA:37,2
DA:41,9
DA:42,12
DA:43,12
DA:51,12
DA:52,12
DA:53,12
DA:56,12
DA:57,12
DA:59,12
DA:60,0
DA:61,0
DA:62,0
DA:63,0
DA:68,12
DA:70,12
DA:71,0
DA:73,12
DA:74,0
DA:79,12
DA:85,12
DA:86,12
DA:87,0
DA:88,12
DA:89,0
DA:92,12
DA:120,12
DA:121,12
DA:123,12
DA:124,12
DA:125,0
DA:126,0
DA:127,0
DA:132,12
DA:133,12
DA:134,0
DA:135,0
DA:136,0
DA:137,0
DA:144,12
DA:145,0
DA:146,0
DA:150,12
DA:157,2
DA:174,1
DA:178,1
DA:182,0
DA:189,12
DA:190,12
DA:191,12
DA:198,0
DA:199,0
DA:212,0
DA:213,0
LF:64
LH:39
BRDA:7,0,0,0
BRDA:9,1,0,0
BRDA:9,1,1,12
BRDA:11,2,0,0
BRDA:11,2,1,0
BRDA:27,3,0,0
BRDA:27,3,1,11
BRDA:35,4,0,2
BRDA:35,4,1,9
BRDA:59,5,0,0
BRDA:59,5,1,12
BRDA:70,6,0,0
BRDA:70,6,1,12
BRDA:73,7,0,0
BRDA:73,7,1,12
BRDA:79,8,0,0
BRDA:79,8,1,12
BRDA:81,9,0,0
BRDA:81,9,1,12
BRDA:86,10,0,0
BRDA:86,10,1,12
BRDA:88,11,0,0
BRDA:88,11,1,12
BRDA:123,12,0,12
BRDA:123,12,1,0
BRDA:126,13,0,0
BRDA:126,13,1,0
BRDA:132,14,0,12
BRDA:132,14,1,0
BRDA:135,15,0,0
BRDA:135,15,1,0
BRDA:136,16,0,0
BRDA:136,16,1,0
BRDA:145,17,0,0
BRDA:145,17,1,0
BRDA:198,18,0,0
BRDA:198,18,1,0
BRDA:212,19,0,0
BRDA:212,19,1,0
BRF:39
BRH:13
end_of_record
TN:
SF:js\views\VistaSintomas.js
FN:8,(anonymous_0)
FN:22,(anonymous_1)
FN:40,(anonymous_2)
FN:53,(anonymous_3)
FN:56,(anonymous_4)
FN:71,(anonymous_5)
FN:75,(anonymous_6)
FN:103,(anonymous_7)
FN:104,(anonymous_8)
FN:115,(anonymous_9)
FN:190,(anonymous_10)
FN:205,(anonymous_11)
FN:219,(anonymous_12)
FN:223,(anonymous_13)
FN:229,(anonymous_14)
FN:233,(anonymous_15)
FN:239,(anonymous_16)
FN:243,(anonymous_17)
FN:249,(anonymous_18)
FNF:19
FNH:11
FNDA:14,(anonymous_0)
FNDA:15,(anonymous_1)
FNDA:15,(anonymous_2)
FNDA:13,(anonymous_3)
FNDA:22,(anonymous_4)
FNDA:15,(anonymous_5)
FNDA:0,(anonymous_6)
FNDA:7,(anonymous_7)
FNDA:22,(anonymous_8)
FNDA:22,(anonymous_9)
FNDA:22,(anonymous_10)
FNDA:2,(anonymous_11)
FNDA:0,(anonymous_12)
FNDA:0,(anonymous_13)
FNDA:0,(anonymous_14)
FNDA:0,(anonymous_15)
FNDA:0,(anonymous_16)
FNDA:0,(anonymous_17)
FNDA:0,(anonymous_18)
DA:10,14
DA:11,0
DA:15,14
DA:23,15
DA:24,0
DA:25,0
DA:29,15
DA:31,15
DA:32,2
DA:33,2
DA:37,13
DA:40,13
DA:41,15
DA:46,15
DA:54,13
DA:56,13
DA:57,22
DA:59,22
DA:60,15
DA:62,22
DA:65,13
DA:72,15
DA:73,15
DA:75,15
DA:76,15
DA:78,15
DA:80,0
DA:81,0
DA:82,0
DA:84,0
DA:85,0
DA:88,0
DA:91,0
DA:93,15
DA:97,15
DA:98,15
DA:99,15
DA:100,15
DA:102,15
DA:103,7
DA:105,22
DA:106,22
DA:109,15
DA:116,22
DA:117,22
DA:118,22
DA:120,22
DA:126,22
DA:131,22
DA:137,22
DA:144,22
DA:154,22
DA:156,22
DA:184,22
DA:191,22
DA:199,22
DA:206,2
DA:220,0
DA:221,0
DA:223,0
DA:230,0
DA:231,0
DA:233,0
DA:240,0
DA:241,0
DA:243,0
DA:250,0
DA:251,0
LF:68
LH:47
BRDA:10,0,0,0
BRDA:10,0,1,14
BRDA:12,1,0,0
BRDA:12,1,1,0
BRDA:22,2,0,15
BRDA:23,3,0,0
BRDA:23,3,1,15
BRDA:31,4,0,2
BRDA:31,4,1,13
BRDA:57,5,0,22
BRDA:57,5,1,0
BRDA:59,6,0,15
BRDA:59,6,1,7
BRDA:78,7,0,0
BRDA:78,7,1,15
BRDA:81,8,0,0
BRDA:81,8,1,0
BRDA:84,9,0,0
BRDA:84,9,1,0
BRDA:94,10,0,15
BRDA:94,10,1,12
BRDA:154,11,0,22
BRDA:154,11,1,0
BRDA:172,12,0,0
BRDA:172,12,1,22
BRDA:199,13,0,22
BRDA:199,13,1,0
BRDA:220,14,0,0
BRDA:220,14,1,0
BRDA:220,15,0,0
BRDA:220,15,1,0
BRDA:230,16,0,0
BRDA:230,16,1,0
BRDA:230,17,0,0
BRDA:230,17,1,0
BRDA:240,18,0,0
BRDA:240,18,1,0
BRDA:240,19,0,0
BRDA:240,19,1,0
BRDA:250,20,0,0
BRDA:250,20,1,0
BRF:41
BRH:14
end_of_record
